[2019-03-24 20:47:57] [INFO] [org.jeecgframework.minidao.factory.MiniDaoClassPathMapperScanner:48] register minidao name is { org.jeecgframework.web.cgdynamgraph.dao.core.CgDynamGraphDao }
[2019-03-24 20:47:57] [INFO] [org.jeecgframework.minidao.factory.MiniDaoClassPathMapperScanner:48] register minidao name is { org.jeecgframework.web.cgform.dao.config.CgFormFieldDao }
[2019-03-24 20:47:57] [INFO] [org.jeecgframework.minidao.factory.MiniDaoClassPathMapperScanner:48] register minidao name is { org.jeecgframework.web.cgform.dao.config.CgFormVersionDao }
[2019-03-24 20:47:57] [INFO] [org.jeecgframework.minidao.factory.MiniDaoClassPathMapperScanner:48] register minidao name is { org.jeecgframework.web.cgform.dao.upload.CgFormUploadDao }
[2019-03-24 20:47:57] [INFO] [org.jeecgframework.minidao.factory.MiniDaoClassPathMapperScanner:48] register minidao name is { org.jeecgframework.web.cgreport.dao.core.CgReportDao }
[2019-03-24 20:47:57] [INFO] [org.jeecgframework.minidao.factory.MiniDaoClassPathMapperScanner:48] register minidao name is { org.jeecgframework.web.system.dao.DepartAuthGroupDao }
[2019-03-24 20:47:57] [INFO] [org.jeecgframework.minidao.factory.MiniDaoClassPathMapperScanner:48] register minidao name is { org.jeecgframework.web.system.dao.JeecgDictDao }
[2019-03-24 20:47:57] [INFO] [org.jeecgframework.minidao.factory.MiniDaoClassPathMapperScanner:48] register minidao name is { com.jeecg.demo.dao.JeecgMinidaoDao }
[2019-03-24 20:47:57] [INFO] [org.jeecgframework.minidao.factory.MiniDaoClassPathMapperScanner:48] register minidao name is { com.jeecg.core.biz.mutiLang.dao.P3MutiLangDao }
[2019-03-24 20:47:57] [INFO] [org.jeecgframework.minidao.factory.MiniDaoClassPathMapperScanner:48] register minidao name is { com.jeecg.core.biz.tag.select.dict.dao.TSTypeDao }
[2019-03-24 20:47:57] [INFO] [org.jeecgframework.minidao.factory.MiniDaoClassPathMapperScanner:48] register minidao name is { com.jeecg.core.biz.tag.select.table.dao.CustomTableDao }
[2019-03-24 20:47:57] [INFO] [org.jeecgframework.minidao.factory.MiniDaoClassPathMapperScanner:48] register minidao name is { com.jeecg.core.biz.dao.TSOperationDao }
[2019-03-24 20:47:57] [INFO] [org.jeecgframework.minidao.factory.MiniDaoClassPathMapperScanner:48] register minidao name is { com.jeecg.actInvite.dao.WxActInviteDao }
[2019-03-24 20:47:57] [INFO] [org.jeecgframework.minidao.factory.MiniDaoClassPathMapperScanner:48] register minidao name is { com.jeecg.auth.dao.JwSystemAuthDao }
[2019-03-24 20:47:57] [INFO] [org.jeecgframework.minidao.factory.MiniDaoClassPathMapperScanner:48] register minidao name is { com.jeecg.domo.order.dao.JpDemoOrderCustomDao }
[2019-03-24 20:47:57] [INFO] [org.jeecgframework.minidao.factory.MiniDaoClassPathMapperScanner:48] register minidao name is { com.jeecg.domo.order.dao.JpDemoOrderMainDao }
[2019-03-24 20:47:57] [INFO] [org.jeecgframework.minidao.factory.MiniDaoClassPathMapperScanner:48] register minidao name is { com.jeecg.domo.order.dao.JpDemoOrderProductDao }
[2019-03-24 20:47:57] [INFO] [org.jeecgframework.minidao.factory.MiniDaoClassPathMapperScanner:48] register minidao name is { com.jeecg.chat.dao.ChatMessageHistoryDao }
[2019-03-24 20:47:57] [INFO] [org.jeecgframework.minidao.factory.MiniDaoClassPathMapperScanner:48] register minidao name is { com.jeecg.chat.dao.ImDao }
[2019-03-24 20:47:57] [INFO] [org.jeecgframework.minidao.factory.MiniDaoClassPathMapperScanner:48] register minidao name is { com.jeecg.mail.dao.P3MailJformInnerMailAttachDao }
[2019-03-24 20:47:57] [INFO] [org.jeecgframework.minidao.factory.MiniDaoClassPathMapperScanner:48] register minidao name is { com.jeecg.mail.dao.P3MailJformInnerMailDao }
[2019-03-24 20:47:57] [INFO] [org.jeecgframework.minidao.factory.MiniDaoClassPathMapperScanner:48] register minidao name is { com.jeecg.mail.dao.P3MailJformInnerMailReceiverDao }
[2019-03-24 20:47:57] [INFO] [org.jeecgframework.minidao.factory.MiniDaoClassPathMapperScanner:48] register minidao name is { com.jeecg.mail.dao.P3MailTSBaseUserDao }
[2019-03-24 20:47:57] [INFO] [org.jeecgframework.minidao.factory.MiniDaoClassPathMapperScanner:48] register minidao name is { com.jeecg.mail.dao.P3MailTSUserDao }
[2019-03-24 20:47:58] [INFO] [com.alibaba.druid.pool.DruidDataSource:928] {dataSource-1} inited
[2019-03-24 20:47:59] [WARN] [org.hibernate.id.UUIDHexGenerator:59] HHH000409: Using org.hibernate.id.UUIDHexGenerator which does not generate IETF RFC 4122 compliant UUID values; consider using org.hibernate.id.UUIDGenerator instead
[2019-03-24 20:48:00] [WARN] [net.sf.ehcache.config.CacheConfiguration:698] Cache 'foreverCache' is set to eternal but also has TTI/TTL set.  To avoid this warning, clean up the config removing conflicting values of eternal, TTI and TTL. Effective configuration for Cache 'foreverCache' will be eternal='true', timeToIdleSeconds='0', timeToLiveSeconds='0'.
[2019-03-24 20:48:02] [INFO] [org.quartz.impl.StdSchedulerFactory:1208] Using default implementation for ThreadExecutor
[2019-03-24 20:48:02] [INFO] [org.quartz.core.SchedulerSignalerImpl:61] Initialized Scheduler Signaller of type: class org.quartz.core.SchedulerSignalerImpl
[2019-03-24 20:48:02] [INFO] [org.quartz.core.QuartzScheduler:229] Quartz Scheduler v.2.3.0 created.
[2019-03-24 20:48:02] [INFO] [org.quartz.simpl.RAMJobStore:155] RAMJobStore initialized.
[2019-03-24 20:48:02] [INFO] [org.quartz.core.QuartzScheduler:294] Scheduler meta-data: Quartz Scheduler (v2.3.0) 'schedulerFactory' with instanceId 'NON_CLUSTERED'
  Scheduler class: 'org.quartz.core.QuartzScheduler' - running locally.
  NOT STARTED.
  Currently in standby mode.
  Number of jobs executed: 0
  Using thread pool 'org.quartz.simpl.SimpleThreadPool' - with 10 threads.
  Using job-store 'org.quartz.simpl.RAMJobStore' - which does not support persistence. and is not clustered.

[2019-03-24 20:48:02] [INFO] [org.quartz.impl.StdSchedulerFactory:1362] Quartz scheduler 'schedulerFactory' initialized from an externally provided properties instance.
[2019-03-24 20:48:02] [INFO] [org.quartz.impl.StdSchedulerFactory:1366] Quartz scheduler version: 2.3.0
[2019-03-24 20:48:02] [INFO] [org.quartz.core.QuartzScheduler:2287] JobFactory set to: org.jeecgframework.web.system.sms.util.JQuartzJobFactory@2159e61c
[2019-03-24 20:48:03] [INFO] [org.jeecgframework.core.timer.DynamicTask:252]  register time task class num is [0] 
[2019-03-24 20:48:05] [INFO] [org.jeecgframework.core.timer.DataBaseSchedulerFactoryBean:648] Starting Quartz Scheduler now
[2019-03-24 20:48:05] [INFO] [org.quartz.core.QuartzScheduler:547] Scheduler schedulerFactory_$_NON_CLUSTERED started.
[2019-03-24 20:48:05] [INFO] [org.jeecgframework.web.system.service.impl.SystemServiceImpl:180]   ------ 初始化字典组 【系统缓存】-----------typeGroupsList-----size: [40]
[2019-03-24 20:48:05] [INFO] [org.jeecgframework.web.system.service.impl.SystemServiceImpl:181]   ------ 初始化字典 【系统缓存】-----------typesList-----size: [40]
[2019-03-24 20:48:05] [INFO] [org.jeecgframework.web.system.service.impl.MutiLangServiceImpl:43]   ------ 初始化国际化语言【系统缓存】  ------ size: [1219] 
[2019-03-24 20:48:05] [INFO] [org.jeecgframework.web.system.service.impl.DynamicDataSourceServiceImpl:41]   ------ 初始化动态数据源配置【系统缓存】---------size: [2] 
[2019-03-24 20:48:33] [INFO] [org.jeecgframework.web.system.controller.core.LoginController:223]  >>>>>>>>>>>>>>>>>>>>>>>>>>  Login 用户登录成功，初始化Main首页用户信息  （Main 首页加载逻辑）  >>>>>>>>>>>>>>>>>>>>>>>>>>>>>>>>> 
[2019-03-24 20:48:33] [INFO] [org.jeecgframework.web.system.controller.core.LoginController:264] login 资源路径returnURL：null
[2019-03-24 20:48:35] [INFO] [com.jeecg.chat.web.ImController:318] --通过流的方式获取文件异常--D:\upFiles\20170502\4afbfbedab64034f9015f1bca8c379310b551dab.jpg (系统找不到指定的路径。)
[2019-03-24 20:48:35] [INFO] [com.jeecg.chat.web.ImController:318] --通过流的方式获取文件异常--D:\upFiles\upload\files\20180715\qq_1531625977907.jpg (系统找不到指定的路径。)
[2019-03-24 20:50:43] [INFO] [org.jeecgframework.web.cgform.controller.build.CgFormBuildController:268] ============================填值规则开始时间:2019-03-24 20:50:43==============================
[2019-03-24 20:50:43] [INFO] [org.jeecgframework.web.cgform.controller.build.CgFormBuildController:293] ================================填值规则结束时间:2019-03-24 20:50:43==============================
[2019-03-24 20:50:43] [INFO] [org.jeecgframework.web.cgform.controller.build.CgFormBuildController:294] ================================填值规则耗时:0ms==============================
[2019-03-24 20:50:52] [INFO] [org.jeecgframework.web.cgform.controller.build.CgFormBuildController:602] [本地][online表单单表数据保存和更新]保存成功表名：bas_file
[2019-03-24 20:50:52] [INFO] [org.jeecgframework.web.cgform.controller.upload.CgUploadController:84] --cgUploadController--saveFiles--上传文件-----{id:402880e869a7fd2f0169a7ff433d0004}  {tableName：bas_file}  {cgField:bf_path}
[2019-03-24 20:50:52] [INFO] [org.jeecgframework.core.extend.swftools.OpenOfficePDFConverter:64] office转换服务启动失败!详细信息:java.lang.IllegalArgumentException: officeHome must exist and be a directory
[2019-03-24 20:50:52] [INFO] [org.jeecgframework.core.extend.swftools.OpenOfficePDFConverter:29] 进行文档转换转换:D:\LawyerFile\MainPorgram\lawyerfile-master\src\main\webapp\/upload/files/20190324205052H656UxQw.doc --> D:\LawyerFile\MainPorgram\lawyerfile-master\src\main\webapp\/upload/files/20190324205052H656UxQw.pdf
[2019-03-24 20:50:52] [INFO] [org.jeecgframework.core.extend.swftools.OpenOfficePDFConverter:35] 
[2019-03-24 20:50:52] [INFO] [org.jeecgframework.core.extend.swftools.OpenOfficePDFConverter:69] 关闭office转换服务....
[2019-03-24 20:50:52] [INFO] [org.jeecgframework.core.extend.swftools.OpenOfficePDFConverter:73] 关闭office转换成功!
[2019-03-24 20:50:52] [INFO] [org.jeecgframework.core.extend.swftools.OpenOfficePDFConverter:39] 进行文档转换转换---- 结束----
[2019-03-24 20:50:52] [INFO] [org.jeecgframework.core.util.LogUtil:228] [org.jeecgframework.core.extend.swftools.SWFToolsSWFConverter:convert2SWF():29] - PDF文件不存在！
[2019-03-24 20:50:52] [INFO] [org.jeecgframework.web.cgform.controller.upload.CgUploadController:99] --cgUploadController--saveFiles--上传文件----数据库保存转换成功-----
[2019-03-24 20:50:52] [INFO] [org.jeecgframework.web.cgform.controller.upload.CgUploadController:104] --cgUploadController--saveFiles--上传文件----回写业务数据表字段文件路径-----
[2019-03-24 20:50:52] [INFO] [org.jeecgframework.web.cgform.controller.upload.CgUploadController:113] --cgUploadController--saveFiles--上传文件----操作成功-----
[2019-03-24 20:51:02] [INFO] [org.jeecgframework.web.system.controller.core.CommonController:150] --附件预览---自定义实体类：org.jeecgframework.web.cgform.entity.upload.CgUploadEntity--viewFile-----path--upload/files/20190324205052H656UxQw.doc
[2019-03-24 20:56:15] [INFO] [org.jeecgframework.minidao.factory.MiniDaoClassPathMapperScanner:48] register minidao name is { org.jeecgframework.web.cgdynamgraph.dao.core.CgDynamGraphDao }
[2019-03-24 20:56:15] [INFO] [org.jeecgframework.minidao.factory.MiniDaoClassPathMapperScanner:48] register minidao name is { org.jeecgframework.web.cgform.dao.config.CgFormFieldDao }
[2019-03-24 20:56:15] [INFO] [org.jeecgframework.minidao.factory.MiniDaoClassPathMapperScanner:48] register minidao name is { org.jeecgframework.web.cgform.dao.config.CgFormVersionDao }
[2019-03-24 20:56:15] [INFO] [org.jeecgframework.minidao.factory.MiniDaoClassPathMapperScanner:48] register minidao name is { org.jeecgframework.web.cgform.dao.upload.CgFormUploadDao }
[2019-03-24 20:56:15] [INFO] [org.jeecgframework.minidao.factory.MiniDaoClassPathMapperScanner:48] register minidao name is { org.jeecgframework.web.cgreport.dao.core.CgReportDao }
[2019-03-24 20:56:15] [INFO] [org.jeecgframework.minidao.factory.MiniDaoClassPathMapperScanner:48] register minidao name is { org.jeecgframework.web.system.dao.DepartAuthGroupDao }
[2019-03-24 20:56:15] [INFO] [org.jeecgframework.minidao.factory.MiniDaoClassPathMapperScanner:48] register minidao name is { org.jeecgframework.web.system.dao.JeecgDictDao }
[2019-03-24 20:56:15] [INFO] [org.jeecgframework.minidao.factory.MiniDaoClassPathMapperScanner:48] register minidao name is { com.jeecg.demo.dao.JeecgMinidaoDao }
[2019-03-24 20:56:15] [INFO] [org.jeecgframework.minidao.factory.MiniDaoClassPathMapperScanner:48] register minidao name is { com.jeecg.core.biz.mutiLang.dao.P3MutiLangDao }
[2019-03-24 20:56:15] [INFO] [org.jeecgframework.minidao.factory.MiniDaoClassPathMapperScanner:48] register minidao name is { com.jeecg.core.biz.tag.select.dict.dao.TSTypeDao }
[2019-03-24 20:56:15] [INFO] [org.jeecgframework.minidao.factory.MiniDaoClassPathMapperScanner:48] register minidao name is { com.jeecg.core.biz.tag.select.table.dao.CustomTableDao }
[2019-03-24 20:56:15] [INFO] [org.jeecgframework.minidao.factory.MiniDaoClassPathMapperScanner:48] register minidao name is { com.jeecg.core.biz.dao.TSOperationDao }
[2019-03-24 20:56:15] [INFO] [org.jeecgframework.minidao.factory.MiniDaoClassPathMapperScanner:48] register minidao name is { com.jeecg.actInvite.dao.WxActInviteDao }
[2019-03-24 20:56:15] [INFO] [org.jeecgframework.minidao.factory.MiniDaoClassPathMapperScanner:48] register minidao name is { com.jeecg.auth.dao.JwSystemAuthDao }
[2019-03-24 20:56:15] [INFO] [org.jeecgframework.minidao.factory.MiniDaoClassPathMapperScanner:48] register minidao name is { com.jeecg.domo.order.dao.JpDemoOrderCustomDao }
[2019-03-24 20:56:15] [INFO] [org.jeecgframework.minidao.factory.MiniDaoClassPathMapperScanner:48] register minidao name is { com.jeecg.domo.order.dao.JpDemoOrderMainDao }
[2019-03-24 20:56:15] [INFO] [org.jeecgframework.minidao.factory.MiniDaoClassPathMapperScanner:48] register minidao name is { com.jeecg.domo.order.dao.JpDemoOrderProductDao }
[2019-03-24 20:56:15] [INFO] [org.jeecgframework.minidao.factory.MiniDaoClassPathMapperScanner:48] register minidao name is { com.jeecg.chat.dao.ChatMessageHistoryDao }
[2019-03-24 20:56:15] [INFO] [org.jeecgframework.minidao.factory.MiniDaoClassPathMapperScanner:48] register minidao name is { com.jeecg.chat.dao.ImDao }
[2019-03-24 20:56:15] [INFO] [org.jeecgframework.minidao.factory.MiniDaoClassPathMapperScanner:48] register minidao name is { com.jeecg.mail.dao.P3MailJformInnerMailAttachDao }
[2019-03-24 20:56:15] [INFO] [org.jeecgframework.minidao.factory.MiniDaoClassPathMapperScanner:48] register minidao name is { com.jeecg.mail.dao.P3MailJformInnerMailDao }
[2019-03-24 20:56:15] [INFO] [org.jeecgframework.minidao.factory.MiniDaoClassPathMapperScanner:48] register minidao name is { com.jeecg.mail.dao.P3MailJformInnerMailReceiverDao }
[2019-03-24 20:56:15] [INFO] [org.jeecgframework.minidao.factory.MiniDaoClassPathMapperScanner:48] register minidao name is { com.jeecg.mail.dao.P3MailTSBaseUserDao }
[2019-03-24 20:56:15] [INFO] [org.jeecgframework.minidao.factory.MiniDaoClassPathMapperScanner:48] register minidao name is { com.jeecg.mail.dao.P3MailTSUserDao }
[2019-03-24 20:56:15] [INFO] [com.alibaba.druid.pool.DruidDataSource:928] {dataSource-1} inited
[2019-03-24 20:56:16] [WARN] [org.hibernate.id.UUIDHexGenerator:59] HHH000409: Using org.hibernate.id.UUIDHexGenerator which does not generate IETF RFC 4122 compliant UUID values; consider using org.hibernate.id.UUIDGenerator instead
[2019-03-24 20:56:17] [WARN] [net.sf.ehcache.config.CacheConfiguration:698] Cache 'foreverCache' is set to eternal but also has TTI/TTL set.  To avoid this warning, clean up the config removing conflicting values of eternal, TTI and TTL. Effective configuration for Cache 'foreverCache' will be eternal='true', timeToIdleSeconds='0', timeToLiveSeconds='0'.
[2019-03-24 20:56:19] [INFO] [org.quartz.impl.StdSchedulerFactory:1208] Using default implementation for ThreadExecutor
[2019-03-24 20:56:19] [INFO] [org.quartz.core.SchedulerSignalerImpl:61] Initialized Scheduler Signaller of type: class org.quartz.core.SchedulerSignalerImpl
[2019-03-24 20:56:19] [INFO] [org.quartz.core.QuartzScheduler:229] Quartz Scheduler v.2.3.0 created.
[2019-03-24 20:56:19] [INFO] [org.quartz.simpl.RAMJobStore:155] RAMJobStore initialized.
[2019-03-24 20:56:19] [INFO] [org.quartz.core.QuartzScheduler:294] Scheduler meta-data: Quartz Scheduler (v2.3.0) 'schedulerFactory' with instanceId 'NON_CLUSTERED'
  Scheduler class: 'org.quartz.core.QuartzScheduler' - running locally.
  NOT STARTED.
  Currently in standby mode.
  Number of jobs executed: 0
  Using thread pool 'org.quartz.simpl.SimpleThreadPool' - with 10 threads.
  Using job-store 'org.quartz.simpl.RAMJobStore' - which does not support persistence. and is not clustered.

[2019-03-24 20:56:19] [INFO] [org.quartz.impl.StdSchedulerFactory:1362] Quartz scheduler 'schedulerFactory' initialized from an externally provided properties instance.
[2019-03-24 20:56:19] [INFO] [org.quartz.impl.StdSchedulerFactory:1366] Quartz scheduler version: 2.3.0
[2019-03-24 20:56:19] [INFO] [org.quartz.core.QuartzScheduler:2287] JobFactory set to: org.jeecgframework.web.system.sms.util.JQuartzJobFactory@5bcec642
[2019-03-24 20:56:20] [INFO] [org.jeecgframework.core.timer.DynamicTask:252]  register time task class num is [0] 
[2019-03-24 20:56:21] [INFO] [org.jeecgframework.core.timer.DataBaseSchedulerFactoryBean:648] Starting Quartz Scheduler now
[2019-03-24 20:56:21] [INFO] [org.quartz.core.QuartzScheduler:547] Scheduler schedulerFactory_$_NON_CLUSTERED started.
[2019-03-24 20:56:21] [INFO] [org.jeecgframework.web.system.service.impl.SystemServiceImpl:180]   ------ 初始化字典组 【系统缓存】-----------typeGroupsList-----size: [40]
[2019-03-24 20:56:21] [INFO] [org.jeecgframework.web.system.service.impl.SystemServiceImpl:181]   ------ 初始化字典 【系统缓存】-----------typesList-----size: [40]
[2019-03-24 20:56:21] [INFO] [org.jeecgframework.web.system.service.impl.MutiLangServiceImpl:43]   ------ 初始化国际化语言【系统缓存】  ------ size: [1219] 
[2019-03-24 20:56:21] [INFO] [org.jeecgframework.web.system.service.impl.DynamicDataSourceServiceImpl:41]   ------ 初始化动态数据源配置【系统缓存】---------size: [2] 
[2019-03-24 20:57:52] [INFO] [org.jeecgframework.web.system.controller.core.LoginController:223]  >>>>>>>>>>>>>>>>>>>>>>>>>>  Login 用户登录成功，初始化Main首页用户信息  （Main 首页加载逻辑）  >>>>>>>>>>>>>>>>>>>>>>>>>>>>>>>>> 
[2019-03-24 20:57:53] [INFO] [org.jeecgframework.web.system.controller.core.LoginController:264] login 资源路径returnURL：null
[2019-03-24 20:57:58] [INFO] [com.jeecg.chat.web.ImController:318] --通过流的方式获取文件异常--D:\upFiles\20170502\4afbfbedab64034f9015f1bca8c379310b551dab.jpg (系统找不到指定的路径。)
[2019-03-24 20:57:58] [INFO] [com.jeecg.chat.web.ImController:318] --通过流的方式获取文件异常--D:\upFiles\upload\files\20180715\qq_1531625977907.jpg (系统找不到指定的路径。)
[2019-03-24 20:58:01] [INFO] [com.jeecg.chat.web.ImController:318] --通过流的方式获取文件异常--D:\upFiles\upload\files\20180715\qq_1531625977907.jpg (系统找不到指定的路径。)
[2019-03-24 20:58:12] [INFO] [org.jeecgframework.web.system.controller.core.CommonController:150] --附件预览---自定义实体类：org.jeecgframework.web.cgform.entity.upload.CgUploadEntity--viewFile-----path--upload/files/20190323084526JFkG6Scd.doc
[2019-03-24 20:58:18] [INFO] [org.jeecgframework.web.system.controller.core.CommonController:150] --附件预览---自定义实体类：org.jeecgframework.web.cgform.entity.upload.CgUploadEntity--viewFile-----path--upload/files/20190323084526JFkG6Scd.doc
[2019-03-24 21:09:37] [INFO] [org.jeecgframework.codegenerate.database.JeecgReadTable:420] 数据库驱动: com.mysql.jdbc.Driver
[2019-03-24 21:10:03] [INFO] [org.jeecgframework.codegenerate.database.JeecgReadTable:420] 数据库驱动: com.mysql.jdbc.Driver
[2019-03-24 21:11:26] [INFO] [org.jeecgframework.minidao.factory.MiniDaoClassPathMapperScanner:48] register minidao name is { org.jeecgframework.web.cgdynamgraph.dao.core.CgDynamGraphDao }
[2019-03-24 21:11:26] [INFO] [org.jeecgframework.minidao.factory.MiniDaoClassPathMapperScanner:48] register minidao name is { org.jeecgframework.web.cgform.dao.config.CgFormFieldDao }
[2019-03-24 21:11:26] [INFO] [org.jeecgframework.minidao.factory.MiniDaoClassPathMapperScanner:48] register minidao name is { org.jeecgframework.web.cgform.dao.config.CgFormVersionDao }
[2019-03-24 21:11:26] [INFO] [org.jeecgframework.minidao.factory.MiniDaoClassPathMapperScanner:48] register minidao name is { org.jeecgframework.web.cgform.dao.upload.CgFormUploadDao }
[2019-03-24 21:11:26] [INFO] [org.jeecgframework.minidao.factory.MiniDaoClassPathMapperScanner:48] register minidao name is { org.jeecgframework.web.cgreport.dao.core.CgReportDao }
[2019-03-24 21:11:26] [INFO] [org.jeecgframework.minidao.factory.MiniDaoClassPathMapperScanner:48] register minidao name is { org.jeecgframework.web.system.dao.DepartAuthGroupDao }
[2019-03-24 21:11:26] [INFO] [org.jeecgframework.minidao.factory.MiniDaoClassPathMapperScanner:48] register minidao name is { org.jeecgframework.web.system.dao.JeecgDictDao }
[2019-03-24 21:11:26] [INFO] [org.jeecgframework.minidao.factory.MiniDaoClassPathMapperScanner:48] register minidao name is { com.jeecg.demo.dao.JeecgMinidaoDao }
[2019-03-24 21:11:26] [INFO] [org.jeecgframework.minidao.factory.MiniDaoClassPathMapperScanner:48] register minidao name is { com.jeecg.core.biz.mutiLang.dao.P3MutiLangDao }
[2019-03-24 21:11:26] [INFO] [org.jeecgframework.minidao.factory.MiniDaoClassPathMapperScanner:48] register minidao name is { com.jeecg.core.biz.tag.select.dict.dao.TSTypeDao }
[2019-03-24 21:11:26] [INFO] [org.jeecgframework.minidao.factory.MiniDaoClassPathMapperScanner:48] register minidao name is { com.jeecg.core.biz.tag.select.table.dao.CustomTableDao }
[2019-03-24 21:11:26] [INFO] [org.jeecgframework.minidao.factory.MiniDaoClassPathMapperScanner:48] register minidao name is { com.jeecg.core.biz.dao.TSOperationDao }
[2019-03-24 21:11:26] [INFO] [org.jeecgframework.minidao.factory.MiniDaoClassPathMapperScanner:48] register minidao name is { com.jeecg.actInvite.dao.WxActInviteDao }
[2019-03-24 21:11:26] [INFO] [org.jeecgframework.minidao.factory.MiniDaoClassPathMapperScanner:48] register minidao name is { com.jeecg.auth.dao.JwSystemAuthDao }
[2019-03-24 21:11:26] [INFO] [org.jeecgframework.minidao.factory.MiniDaoClassPathMapperScanner:48] register minidao name is { com.jeecg.domo.order.dao.JpDemoOrderCustomDao }
[2019-03-24 21:11:26] [INFO] [org.jeecgframework.minidao.factory.MiniDaoClassPathMapperScanner:48] register minidao name is { com.jeecg.domo.order.dao.JpDemoOrderMainDao }
[2019-03-24 21:11:26] [INFO] [org.jeecgframework.minidao.factory.MiniDaoClassPathMapperScanner:48] register minidao name is { com.jeecg.domo.order.dao.JpDemoOrderProductDao }
[2019-03-24 21:11:26] [INFO] [org.jeecgframework.minidao.factory.MiniDaoClassPathMapperScanner:48] register minidao name is { com.jeecg.chat.dao.ChatMessageHistoryDao }
[2019-03-24 21:11:26] [INFO] [org.jeecgframework.minidao.factory.MiniDaoClassPathMapperScanner:48] register minidao name is { com.jeecg.chat.dao.ImDao }
[2019-03-24 21:11:26] [INFO] [org.jeecgframework.minidao.factory.MiniDaoClassPathMapperScanner:48] register minidao name is { com.jeecg.mail.dao.P3MailJformInnerMailAttachDao }
[2019-03-24 21:11:26] [INFO] [org.jeecgframework.minidao.factory.MiniDaoClassPathMapperScanner:48] register minidao name is { com.jeecg.mail.dao.P3MailJformInnerMailDao }
[2019-03-24 21:11:26] [INFO] [org.jeecgframework.minidao.factory.MiniDaoClassPathMapperScanner:48] register minidao name is { com.jeecg.mail.dao.P3MailJformInnerMailReceiverDao }
[2019-03-24 21:11:26] [INFO] [org.jeecgframework.minidao.factory.MiniDaoClassPathMapperScanner:48] register minidao name is { com.jeecg.mail.dao.P3MailTSBaseUserDao }
[2019-03-24 21:11:26] [INFO] [org.jeecgframework.minidao.factory.MiniDaoClassPathMapperScanner:48] register minidao name is { com.jeecg.mail.dao.P3MailTSUserDao }
[2019-03-24 21:11:26] [INFO] [com.alibaba.druid.pool.DruidDataSource:928] {dataSource-1} inited
[2019-03-24 21:11:28] [WARN] [org.hibernate.id.UUIDHexGenerator:59] HHH000409: Using org.hibernate.id.UUIDHexGenerator which does not generate IETF RFC 4122 compliant UUID values; consider using org.hibernate.id.UUIDGenerator instead
[2019-03-24 21:11:28] [WARN] [net.sf.ehcache.config.CacheConfiguration:698] Cache 'foreverCache' is set to eternal but also has TTI/TTL set.  To avoid this warning, clean up the config removing conflicting values of eternal, TTI and TTL. Effective configuration for Cache 'foreverCache' will be eternal='true', timeToIdleSeconds='0', timeToLiveSeconds='0'.
[2019-03-24 21:11:31] [INFO] [org.quartz.impl.StdSchedulerFactory:1208] Using default implementation for ThreadExecutor
[2019-03-24 21:11:31] [INFO] [org.quartz.core.SchedulerSignalerImpl:61] Initialized Scheduler Signaller of type: class org.quartz.core.SchedulerSignalerImpl
[2019-03-24 21:11:31] [INFO] [org.quartz.core.QuartzScheduler:229] Quartz Scheduler v.2.3.0 created.
[2019-03-24 21:11:31] [INFO] [org.quartz.simpl.RAMJobStore:155] RAMJobStore initialized.
[2019-03-24 21:11:31] [INFO] [org.quartz.core.QuartzScheduler:294] Scheduler meta-data: Quartz Scheduler (v2.3.0) 'schedulerFactory' with instanceId 'NON_CLUSTERED'
  Scheduler class: 'org.quartz.core.QuartzScheduler' - running locally.
  NOT STARTED.
  Currently in standby mode.
  Number of jobs executed: 0
  Using thread pool 'org.quartz.simpl.SimpleThreadPool' - with 10 threads.
  Using job-store 'org.quartz.simpl.RAMJobStore' - which does not support persistence. and is not clustered.

[2019-03-24 21:11:31] [INFO] [org.quartz.impl.StdSchedulerFactory:1362] Quartz scheduler 'schedulerFactory' initialized from an externally provided properties instance.
[2019-03-24 21:11:31] [INFO] [org.quartz.impl.StdSchedulerFactory:1366] Quartz scheduler version: 2.3.0
[2019-03-24 21:11:31] [INFO] [org.quartz.core.QuartzScheduler:2287] JobFactory set to: org.jeecgframework.web.system.sms.util.JQuartzJobFactory@78bf98a4
[2019-03-24 21:11:32] [INFO] [org.jeecgframework.core.timer.DynamicTask:252]  register time task class num is [0] 
[2019-03-24 21:11:34] [INFO] [org.jeecgframework.core.timer.DataBaseSchedulerFactoryBean:648] Starting Quartz Scheduler now
[2019-03-24 21:11:34] [INFO] [org.quartz.core.QuartzScheduler:547] Scheduler schedulerFactory_$_NON_CLUSTERED started.
[2019-03-24 21:11:34] [INFO] [org.jeecgframework.web.system.service.impl.SystemServiceImpl:180]   ------ 初始化字典组 【系统缓存】-----------typeGroupsList-----size: [40]
[2019-03-24 21:11:34] [INFO] [org.jeecgframework.web.system.service.impl.SystemServiceImpl:181]   ------ 初始化字典 【系统缓存】-----------typesList-----size: [40]
[2019-03-24 21:11:35] [INFO] [org.jeecgframework.web.system.service.impl.MutiLangServiceImpl:43]   ------ 初始化国际化语言【系统缓存】  ------ size: [1219] 
[2019-03-24 21:11:35] [INFO] [org.jeecgframework.web.system.service.impl.DynamicDataSourceServiceImpl:41]   ------ 初始化动态数据源配置【系统缓存】---------size: [2] 
[2019-03-24 21:11:51] [INFO] [org.jeecgframework.web.system.controller.core.LoginController:223]  >>>>>>>>>>>>>>>>>>>>>>>>>>  Login 用户登录成功，初始化Main首页用户信息  （Main 首页加载逻辑）  >>>>>>>>>>>>>>>>>>>>>>>>>>>>>>>>> 
[2019-03-24 21:11:51] [INFO] [org.jeecgframework.web.system.controller.core.LoginController:264] login 资源路径returnURL：null
[2019-03-24 21:11:53] [INFO] [com.jeecg.chat.web.ImController:318] --通过流的方式获取文件异常--D:\upFiles\20170502\4afbfbedab64034f9015f1bca8c379310b551dab.jpg (系统找不到指定的路径。)
[2019-03-24 21:11:53] [INFO] [com.jeecg.chat.web.ImController:318] --通过流的方式获取文件异常--D:\upFiles\upload\files\20180715\qq_1531625977907.jpg (系统找不到指定的路径。)
[2019-03-24 21:12:23] [INFO] [org.jeecgframework.codegenerate.database.JeecgReadTable:420] 数据库驱动: com.mysql.jdbc.Driver
[2019-03-24 21:12:23] [INFO] [org.jeecgframework.codegenerate.generate.CgformCodeGenerate:257] ----jeecg---Code----Generation----[单表模型:bas_file]------- 生成中。。。
[2019-03-24 21:12:23] [INFO] [org.jeecgframework.codegenerate.generate.CgformCodeGenerate:268] ----jeecg------path----[table/single]-------
[2019-03-24 21:12:23] [INFO] [org.jeecgframework.codegenerate.generate.CgformCodeGenerate:300] ----jeecg----Code----Generation-----[单表模型：bas_file]------ 生成完成。。。
[2019-03-24 21:13:44] [INFO] [org.jeecgframework.minidao.factory.MiniDaoClassPathMapperScanner:48] register minidao name is { org.jeecgframework.web.cgdynamgraph.dao.core.CgDynamGraphDao }
[2019-03-24 21:13:44] [INFO] [org.jeecgframework.minidao.factory.MiniDaoClassPathMapperScanner:48] register minidao name is { org.jeecgframework.web.cgform.dao.config.CgFormFieldDao }
[2019-03-24 21:13:44] [INFO] [org.jeecgframework.minidao.factory.MiniDaoClassPathMapperScanner:48] register minidao name is { org.jeecgframework.web.cgform.dao.config.CgFormVersionDao }
[2019-03-24 21:13:44] [INFO] [org.jeecgframework.minidao.factory.MiniDaoClassPathMapperScanner:48] register minidao name is { org.jeecgframework.web.cgform.dao.upload.CgFormUploadDao }
[2019-03-24 21:13:44] [INFO] [org.jeecgframework.minidao.factory.MiniDaoClassPathMapperScanner:48] register minidao name is { org.jeecgframework.web.cgreport.dao.core.CgReportDao }
[2019-03-24 21:13:44] [INFO] [org.jeecgframework.minidao.factory.MiniDaoClassPathMapperScanner:48] register minidao name is { org.jeecgframework.web.system.dao.DepartAuthGroupDao }
[2019-03-24 21:13:44] [INFO] [org.jeecgframework.minidao.factory.MiniDaoClassPathMapperScanner:48] register minidao name is { org.jeecgframework.web.system.dao.JeecgDictDao }
[2019-03-24 21:13:44] [INFO] [org.jeecgframework.minidao.factory.MiniDaoClassPathMapperScanner:48] register minidao name is { com.jeecg.demo.dao.JeecgMinidaoDao }
[2019-03-24 21:13:44] [INFO] [org.jeecgframework.minidao.factory.MiniDaoClassPathMapperScanner:48] register minidao name is { com.jeecg.core.biz.mutiLang.dao.P3MutiLangDao }
[2019-03-24 21:13:44] [INFO] [org.jeecgframework.minidao.factory.MiniDaoClassPathMapperScanner:48] register minidao name is { com.jeecg.core.biz.tag.select.dict.dao.TSTypeDao }
[2019-03-24 21:13:44] [INFO] [org.jeecgframework.minidao.factory.MiniDaoClassPathMapperScanner:48] register minidao name is { com.jeecg.core.biz.tag.select.table.dao.CustomTableDao }
[2019-03-24 21:13:44] [INFO] [org.jeecgframework.minidao.factory.MiniDaoClassPathMapperScanner:48] register minidao name is { com.jeecg.core.biz.dao.TSOperationDao }
[2019-03-24 21:13:44] [INFO] [org.jeecgframework.minidao.factory.MiniDaoClassPathMapperScanner:48] register minidao name is { com.jeecg.actInvite.dao.WxActInviteDao }
[2019-03-24 21:13:44] [INFO] [org.jeecgframework.minidao.factory.MiniDaoClassPathMapperScanner:48] register minidao name is { com.jeecg.auth.dao.JwSystemAuthDao }
[2019-03-24 21:13:44] [INFO] [org.jeecgframework.minidao.factory.MiniDaoClassPathMapperScanner:48] register minidao name is { com.jeecg.domo.order.dao.JpDemoOrderCustomDao }
[2019-03-24 21:13:44] [INFO] [org.jeecgframework.minidao.factory.MiniDaoClassPathMapperScanner:48] register minidao name is { com.jeecg.domo.order.dao.JpDemoOrderMainDao }
[2019-03-24 21:13:44] [INFO] [org.jeecgframework.minidao.factory.MiniDaoClassPathMapperScanner:48] register minidao name is { com.jeecg.domo.order.dao.JpDemoOrderProductDao }
[2019-03-24 21:13:44] [INFO] [org.jeecgframework.minidao.factory.MiniDaoClassPathMapperScanner:48] register minidao name is { com.jeecg.chat.dao.ChatMessageHistoryDao }
[2019-03-24 21:13:44] [INFO] [org.jeecgframework.minidao.factory.MiniDaoClassPathMapperScanner:48] register minidao name is { com.jeecg.chat.dao.ImDao }
[2019-03-24 21:13:44] [INFO] [org.jeecgframework.minidao.factory.MiniDaoClassPathMapperScanner:48] register minidao name is { com.jeecg.mail.dao.P3MailJformInnerMailAttachDao }
[2019-03-24 21:13:44] [INFO] [org.jeecgframework.minidao.factory.MiniDaoClassPathMapperScanner:48] register minidao name is { com.jeecg.mail.dao.P3MailJformInnerMailDao }
[2019-03-24 21:13:44] [INFO] [org.jeecgframework.minidao.factory.MiniDaoClassPathMapperScanner:48] register minidao name is { com.jeecg.mail.dao.P3MailJformInnerMailReceiverDao }
[2019-03-24 21:13:44] [INFO] [org.jeecgframework.minidao.factory.MiniDaoClassPathMapperScanner:48] register minidao name is { com.jeecg.mail.dao.P3MailTSBaseUserDao }
[2019-03-24 21:13:44] [INFO] [org.jeecgframework.minidao.factory.MiniDaoClassPathMapperScanner:48] register minidao name is { com.jeecg.mail.dao.P3MailTSUserDao }
[2019-03-24 21:13:44] [INFO] [com.alibaba.druid.pool.DruidDataSource:928] {dataSource-1} inited
[2019-03-24 21:13:46] [WARN] [org.hibernate.id.UUIDHexGenerator:59] HHH000409: Using org.hibernate.id.UUIDHexGenerator which does not generate IETF RFC 4122 compliant UUID values; consider using org.hibernate.id.UUIDGenerator instead
[2019-03-24 21:13:46] [WARN] [net.sf.ehcache.config.CacheConfiguration:698] Cache 'foreverCache' is set to eternal but also has TTI/TTL set.  To avoid this warning, clean up the config removing conflicting values of eternal, TTI and TTL. Effective configuration for Cache 'foreverCache' will be eternal='true', timeToIdleSeconds='0', timeToLiveSeconds='0'.
[2019-03-24 21:13:49] [INFO] [org.quartz.impl.StdSchedulerFactory:1208] Using default implementation for ThreadExecutor
[2019-03-24 21:13:49] [INFO] [org.quartz.core.SchedulerSignalerImpl:61] Initialized Scheduler Signaller of type: class org.quartz.core.SchedulerSignalerImpl
[2019-03-24 21:13:49] [INFO] [org.quartz.core.QuartzScheduler:229] Quartz Scheduler v.2.3.0 created.
[2019-03-24 21:13:49] [INFO] [org.quartz.simpl.RAMJobStore:155] RAMJobStore initialized.
[2019-03-24 21:13:49] [INFO] [org.quartz.core.QuartzScheduler:294] Scheduler meta-data: Quartz Scheduler (v2.3.0) 'schedulerFactory' with instanceId 'NON_CLUSTERED'
  Scheduler class: 'org.quartz.core.QuartzScheduler' - running locally.
  NOT STARTED.
  Currently in standby mode.
  Number of jobs executed: 0
  Using thread pool 'org.quartz.simpl.SimpleThreadPool' - with 10 threads.
  Using job-store 'org.quartz.simpl.RAMJobStore' - which does not support persistence. and is not clustered.

[2019-03-24 21:13:49] [INFO] [org.quartz.impl.StdSchedulerFactory:1362] Quartz scheduler 'schedulerFactory' initialized from an externally provided properties instance.
[2019-03-24 21:13:49] [INFO] [org.quartz.impl.StdSchedulerFactory:1366] Quartz scheduler version: 2.3.0
[2019-03-24 21:13:49] [INFO] [org.quartz.core.QuartzScheduler:2287] JobFactory set to: org.jeecgframework.web.system.sms.util.JQuartzJobFactory@6291802e
[2019-03-24 21:13:50] [INFO] [org.jeecgframework.core.timer.DynamicTask:252]  register time task class num is [0] 
[2019-03-24 21:13:51] [INFO] [org.jeecgframework.core.timer.DataBaseSchedulerFactoryBean:648] Starting Quartz Scheduler now
[2019-03-24 21:13:51] [INFO] [org.quartz.core.QuartzScheduler:547] Scheduler schedulerFactory_$_NON_CLUSTERED started.
[2019-03-24 21:13:51] [INFO] [org.jeecgframework.web.system.service.impl.SystemServiceImpl:180]   ------ 初始化字典组 【系统缓存】-----------typeGroupsList-----size: [40]
[2019-03-24 21:13:51] [INFO] [org.jeecgframework.web.system.service.impl.SystemServiceImpl:181]   ------ 初始化字典 【系统缓存】-----------typesList-----size: [40]
[2019-03-24 21:13:52] [INFO] [org.jeecgframework.web.system.service.impl.MutiLangServiceImpl:43]   ------ 初始化国际化语言【系统缓存】  ------ size: [1219] 
[2019-03-24 21:13:52] [INFO] [org.jeecgframework.web.system.service.impl.DynamicDataSourceServiceImpl:41]   ------ 初始化动态数据源配置【系统缓存】---------size: [2] 
[2019-03-24 21:14:00] [INFO] [org.jeecgframework.web.system.controller.core.LoginController:223]  >>>>>>>>>>>>>>>>>>>>>>>>>>  Login 用户登录成功，初始化Main首页用户信息  （Main 首页加载逻辑）  >>>>>>>>>>>>>>>>>>>>>>>>>>>>>>>>> 
[2019-03-24 21:14:00] [INFO] [org.jeecgframework.web.system.controller.core.LoginController:264] login 资源路径returnURL：null
[2019-03-24 21:14:01] [INFO] [com.jeecg.chat.web.ImController:318] --通过流的方式获取文件异常--D:\upFiles\upload\files\20180715\qq_1531625977907.jpg (系统找不到指定的路径。)
[2019-03-24 21:14:01] [INFO] [com.jeecg.chat.web.ImController:318] --通过流的方式获取文件异常--D:\upFiles\20170502\4afbfbedab64034f9015f1bca8c379310b551dab.jpg (系统找不到指定的路径。)
[2019-03-24 21:19:51] [INFO] [org.jeecgframework.minidao.factory.MiniDaoClassPathMapperScanner:48] register minidao name is { org.jeecgframework.web.cgdynamgraph.dao.core.CgDynamGraphDao }
[2019-03-24 21:19:51] [INFO] [org.jeecgframework.minidao.factory.MiniDaoClassPathMapperScanner:48] register minidao name is { org.jeecgframework.web.cgform.dao.config.CgFormFieldDao }
[2019-03-24 21:19:51] [INFO] [org.jeecgframework.minidao.factory.MiniDaoClassPathMapperScanner:48] register minidao name is { org.jeecgframework.web.cgform.dao.config.CgFormVersionDao }
[2019-03-24 21:19:51] [INFO] [org.jeecgframework.minidao.factory.MiniDaoClassPathMapperScanner:48] register minidao name is { org.jeecgframework.web.cgform.dao.upload.CgFormUploadDao }
[2019-03-24 21:19:51] [INFO] [org.jeecgframework.minidao.factory.MiniDaoClassPathMapperScanner:48] register minidao name is { org.jeecgframework.web.cgreport.dao.core.CgReportDao }
[2019-03-24 21:19:51] [INFO] [org.jeecgframework.minidao.factory.MiniDaoClassPathMapperScanner:48] register minidao name is { org.jeecgframework.web.system.dao.DepartAuthGroupDao }
[2019-03-24 21:19:51] [INFO] [org.jeecgframework.minidao.factory.MiniDaoClassPathMapperScanner:48] register minidao name is { org.jeecgframework.web.system.dao.JeecgDictDao }
[2019-03-24 21:19:51] [INFO] [org.jeecgframework.minidao.factory.MiniDaoClassPathMapperScanner:48] register minidao name is { com.jeecg.demo.dao.JeecgMinidaoDao }
[2019-03-24 21:19:51] [INFO] [org.jeecgframework.minidao.factory.MiniDaoClassPathMapperScanner:48] register minidao name is { com.jeecg.core.biz.mutiLang.dao.P3MutiLangDao }
[2019-03-24 21:19:51] [INFO] [org.jeecgframework.minidao.factory.MiniDaoClassPathMapperScanner:48] register minidao name is { com.jeecg.core.biz.tag.select.dict.dao.TSTypeDao }
[2019-03-24 21:19:51] [INFO] [org.jeecgframework.minidao.factory.MiniDaoClassPathMapperScanner:48] register minidao name is { com.jeecg.core.biz.tag.select.table.dao.CustomTableDao }
[2019-03-24 21:19:51] [INFO] [org.jeecgframework.minidao.factory.MiniDaoClassPathMapperScanner:48] register minidao name is { com.jeecg.core.biz.dao.TSOperationDao }
[2019-03-24 21:19:51] [INFO] [org.jeecgframework.minidao.factory.MiniDaoClassPathMapperScanner:48] register minidao name is { com.jeecg.actInvite.dao.WxActInviteDao }
[2019-03-24 21:19:51] [INFO] [org.jeecgframework.minidao.factory.MiniDaoClassPathMapperScanner:48] register minidao name is { com.jeecg.auth.dao.JwSystemAuthDao }
[2019-03-24 21:19:51] [INFO] [org.jeecgframework.minidao.factory.MiniDaoClassPathMapperScanner:48] register minidao name is { com.jeecg.domo.order.dao.JpDemoOrderCustomDao }
[2019-03-24 21:19:51] [INFO] [org.jeecgframework.minidao.factory.MiniDaoClassPathMapperScanner:48] register minidao name is { com.jeecg.domo.order.dao.JpDemoOrderMainDao }
[2019-03-24 21:19:51] [INFO] [org.jeecgframework.minidao.factory.MiniDaoClassPathMapperScanner:48] register minidao name is { com.jeecg.domo.order.dao.JpDemoOrderProductDao }
[2019-03-24 21:19:51] [INFO] [org.jeecgframework.minidao.factory.MiniDaoClassPathMapperScanner:48] register minidao name is { com.jeecg.chat.dao.ChatMessageHistoryDao }
[2019-03-24 21:19:51] [INFO] [org.jeecgframework.minidao.factory.MiniDaoClassPathMapperScanner:48] register minidao name is { com.jeecg.chat.dao.ImDao }
[2019-03-24 21:19:51] [INFO] [org.jeecgframework.minidao.factory.MiniDaoClassPathMapperScanner:48] register minidao name is { com.jeecg.mail.dao.P3MailJformInnerMailAttachDao }
[2019-03-24 21:19:51] [INFO] [org.jeecgframework.minidao.factory.MiniDaoClassPathMapperScanner:48] register minidao name is { com.jeecg.mail.dao.P3MailJformInnerMailDao }
[2019-03-24 21:19:51] [INFO] [org.jeecgframework.minidao.factory.MiniDaoClassPathMapperScanner:48] register minidao name is { com.jeecg.mail.dao.P3MailJformInnerMailReceiverDao }
[2019-03-24 21:19:51] [INFO] [org.jeecgframework.minidao.factory.MiniDaoClassPathMapperScanner:48] register minidao name is { com.jeecg.mail.dao.P3MailTSBaseUserDao }
[2019-03-24 21:19:51] [INFO] [org.jeecgframework.minidao.factory.MiniDaoClassPathMapperScanner:48] register minidao name is { com.jeecg.mail.dao.P3MailTSUserDao }
[2019-03-24 21:19:52] [INFO] [com.alibaba.druid.pool.DruidDataSource:928] {dataSource-1} inited
[2019-03-24 21:19:53] [WARN] [org.hibernate.id.UUIDHexGenerator:59] HHH000409: Using org.hibernate.id.UUIDHexGenerator which does not generate IETF RFC 4122 compliant UUID values; consider using org.hibernate.id.UUIDGenerator instead
[2019-03-24 21:19:54] [WARN] [net.sf.ehcache.config.CacheConfiguration:698] Cache 'foreverCache' is set to eternal but also has TTI/TTL set.  To avoid this warning, clean up the config removing conflicting values of eternal, TTI and TTL. Effective configuration for Cache 'foreverCache' will be eternal='true', timeToIdleSeconds='0', timeToLiveSeconds='0'.
[2019-03-24 21:19:56] [INFO] [org.quartz.impl.StdSchedulerFactory:1208] Using default implementation for ThreadExecutor
[2019-03-24 21:19:56] [INFO] [org.quartz.core.SchedulerSignalerImpl:61] Initialized Scheduler Signaller of type: class org.quartz.core.SchedulerSignalerImpl
[2019-03-24 21:19:56] [INFO] [org.quartz.core.QuartzScheduler:229] Quartz Scheduler v.2.3.0 created.
[2019-03-24 21:19:56] [INFO] [org.quartz.simpl.RAMJobStore:155] RAMJobStore initialized.
[2019-03-24 21:19:56] [INFO] [org.quartz.core.QuartzScheduler:294] Scheduler meta-data: Quartz Scheduler (v2.3.0) 'schedulerFactory' with instanceId 'NON_CLUSTERED'
  Scheduler class: 'org.quartz.core.QuartzScheduler' - running locally.
  NOT STARTED.
  Currently in standby mode.
  Number of jobs executed: 0
  Using thread pool 'org.quartz.simpl.SimpleThreadPool' - with 10 threads.
  Using job-store 'org.quartz.simpl.RAMJobStore' - which does not support persistence. and is not clustered.

[2019-03-24 21:19:56] [INFO] [org.quartz.impl.StdSchedulerFactory:1362] Quartz scheduler 'schedulerFactory' initialized from an externally provided properties instance.
[2019-03-24 21:19:56] [INFO] [org.quartz.impl.StdSchedulerFactory:1366] Quartz scheduler version: 2.3.0
[2019-03-24 21:19:56] [INFO] [org.quartz.core.QuartzScheduler:2287] JobFactory set to: org.jeecgframework.web.system.sms.util.JQuartzJobFactory@622a7964
[2019-03-24 21:19:57] [INFO] [org.jeecgframework.core.timer.DynamicTask:252]  register time task class num is [0] 
[2019-03-24 21:19:59] [INFO] [org.jeecgframework.core.timer.DataBaseSchedulerFactoryBean:648] Starting Quartz Scheduler now
[2019-03-24 21:19:59] [INFO] [org.quartz.core.QuartzScheduler:547] Scheduler schedulerFactory_$_NON_CLUSTERED started.
[2019-03-24 21:19:59] [INFO] [org.jeecgframework.web.system.service.impl.SystemServiceImpl:180]   ------ 初始化字典组 【系统缓存】-----------typeGroupsList-----size: [40]
[2019-03-24 21:19:59] [INFO] [org.jeecgframework.web.system.service.impl.SystemServiceImpl:181]   ------ 初始化字典 【系统缓存】-----------typesList-----size: [40]
[2019-03-24 21:19:59] [INFO] [org.jeecgframework.web.system.service.impl.MutiLangServiceImpl:43]   ------ 初始化国际化语言【系统缓存】  ------ size: [1219] 
[2019-03-24 21:19:59] [INFO] [org.jeecgframework.web.system.service.impl.DynamicDataSourceServiceImpl:41]   ------ 初始化动态数据源配置【系统缓存】---------size: [2] 
[2019-03-24 21:20:11] [INFO] [org.jeecgframework.web.system.controller.core.LoginController:223]  >>>>>>>>>>>>>>>>>>>>>>>>>>  Login 用户登录成功，初始化Main首页用户信息  （Main 首页加载逻辑）  >>>>>>>>>>>>>>>>>>>>>>>>>>>>>>>>> 
[2019-03-24 21:20:11] [INFO] [org.jeecgframework.web.system.controller.core.LoginController:264] login 资源路径returnURL：null
[2019-03-24 21:20:12] [INFO] [com.jeecg.chat.web.ImController:318] --通过流的方式获取文件异常--D:\upFiles\20170502\4afbfbedab64034f9015f1bca8c379310b551dab.jpg (系统找不到指定的路径。)
[2019-03-24 21:20:12] [INFO] [com.jeecg.chat.web.ImController:318] --通过流的方式获取文件异常--D:\upFiles\upload\files\20180715\qq_1531625977907.jpg (系统找不到指定的路径。)
[2019-03-24 21:20:14] [WARN] [org.springframework.web.servlet.PageNotFound:1114] No mapping found for HTTP request with URI [/lawyerfile/basFileController.do] in DispatcherServlet with name 'springMvc'
[2019-03-24 21:20:44] [INFO] [org.jeecgframework.codegenerate.database.JeecgReadTable:420] 数据库驱动: com.mysql.jdbc.Driver
[2019-03-24 21:20:44] [INFO] [org.jeecgframework.codegenerate.generate.CgformCodeGenerate:257] ----jeecg---Code----Generation----[单表模型:bas_file]------- 生成中。。。
[2019-03-24 21:20:44] [INFO] [org.jeecgframework.codegenerate.generate.CgformCodeGenerate:268] ----jeecg------path----[table/single]-------
[2019-03-24 21:20:45] [INFO] [org.jeecgframework.codegenerate.generate.CgformCodeGenerate:300] ----jeecg----Code----Generation-----[单表模型：bas_file]------ 生成完成。。。
[2019-03-24 21:21:38] [INFO] [org.jeecgframework.minidao.factory.MiniDaoClassPathMapperScanner:48] register minidao name is { org.jeecgframework.web.cgdynamgraph.dao.core.CgDynamGraphDao }
[2019-03-24 21:21:38] [INFO] [org.jeecgframework.minidao.factory.MiniDaoClassPathMapperScanner:48] register minidao name is { org.jeecgframework.web.cgform.dao.config.CgFormFieldDao }
[2019-03-24 21:21:38] [INFO] [org.jeecgframework.minidao.factory.MiniDaoClassPathMapperScanner:48] register minidao name is { org.jeecgframework.web.cgform.dao.config.CgFormVersionDao }
[2019-03-24 21:21:38] [INFO] [org.jeecgframework.minidao.factory.MiniDaoClassPathMapperScanner:48] register minidao name is { org.jeecgframework.web.cgform.dao.upload.CgFormUploadDao }
[2019-03-24 21:21:38] [INFO] [org.jeecgframework.minidao.factory.MiniDaoClassPathMapperScanner:48] register minidao name is { org.jeecgframework.web.cgreport.dao.core.CgReportDao }
[2019-03-24 21:21:38] [INFO] [org.jeecgframework.minidao.factory.MiniDaoClassPathMapperScanner:48] register minidao name is { org.jeecgframework.web.system.dao.DepartAuthGroupDao }
[2019-03-24 21:21:38] [INFO] [org.jeecgframework.minidao.factory.MiniDaoClassPathMapperScanner:48] register minidao name is { org.jeecgframework.web.system.dao.JeecgDictDao }
[2019-03-24 21:21:38] [INFO] [org.jeecgframework.minidao.factory.MiniDaoClassPathMapperScanner:48] register minidao name is { com.jeecg.demo.dao.JeecgMinidaoDao }
[2019-03-24 21:21:38] [INFO] [org.jeecgframework.minidao.factory.MiniDaoClassPathMapperScanner:48] register minidao name is { com.jeecg.core.biz.mutiLang.dao.P3MutiLangDao }
[2019-03-24 21:21:38] [INFO] [org.jeecgframework.minidao.factory.MiniDaoClassPathMapperScanner:48] register minidao name is { com.jeecg.core.biz.tag.select.dict.dao.TSTypeDao }
[2019-03-24 21:21:38] [INFO] [org.jeecgframework.minidao.factory.MiniDaoClassPathMapperScanner:48] register minidao name is { com.jeecg.core.biz.tag.select.table.dao.CustomTableDao }
[2019-03-24 21:21:38] [INFO] [org.jeecgframework.minidao.factory.MiniDaoClassPathMapperScanner:48] register minidao name is { com.jeecg.core.biz.dao.TSOperationDao }
[2019-03-24 21:21:38] [INFO] [org.jeecgframework.minidao.factory.MiniDaoClassPathMapperScanner:48] register minidao name is { com.jeecg.actInvite.dao.WxActInviteDao }
[2019-03-24 21:21:38] [INFO] [org.jeecgframework.minidao.factory.MiniDaoClassPathMapperScanner:48] register minidao name is { com.jeecg.auth.dao.JwSystemAuthDao }
[2019-03-24 21:21:38] [INFO] [org.jeecgframework.minidao.factory.MiniDaoClassPathMapperScanner:48] register minidao name is { com.jeecg.domo.order.dao.JpDemoOrderCustomDao }
[2019-03-24 21:21:38] [INFO] [org.jeecgframework.minidao.factory.MiniDaoClassPathMapperScanner:48] register minidao name is { com.jeecg.domo.order.dao.JpDemoOrderMainDao }
[2019-03-24 21:21:38] [INFO] [org.jeecgframework.minidao.factory.MiniDaoClassPathMapperScanner:48] register minidao name is { com.jeecg.domo.order.dao.JpDemoOrderProductDao }
[2019-03-24 21:21:38] [INFO] [org.jeecgframework.minidao.factory.MiniDaoClassPathMapperScanner:48] register minidao name is { com.jeecg.chat.dao.ChatMessageHistoryDao }
[2019-03-24 21:21:38] [INFO] [org.jeecgframework.minidao.factory.MiniDaoClassPathMapperScanner:48] register minidao name is { com.jeecg.chat.dao.ImDao }
[2019-03-24 21:21:38] [INFO] [org.jeecgframework.minidao.factory.MiniDaoClassPathMapperScanner:48] register minidao name is { com.jeecg.mail.dao.P3MailJformInnerMailAttachDao }
[2019-03-24 21:21:38] [INFO] [org.jeecgframework.minidao.factory.MiniDaoClassPathMapperScanner:48] register minidao name is { com.jeecg.mail.dao.P3MailJformInnerMailDao }
[2019-03-24 21:21:38] [INFO] [org.jeecgframework.minidao.factory.MiniDaoClassPathMapperScanner:48] register minidao name is { com.jeecg.mail.dao.P3MailJformInnerMailReceiverDao }
[2019-03-24 21:21:38] [INFO] [org.jeecgframework.minidao.factory.MiniDaoClassPathMapperScanner:48] register minidao name is { com.jeecg.mail.dao.P3MailTSBaseUserDao }
[2019-03-24 21:21:38] [INFO] [org.jeecgframework.minidao.factory.MiniDaoClassPathMapperScanner:48] register minidao name is { com.jeecg.mail.dao.P3MailTSUserDao }
[2019-03-24 21:21:39] [INFO] [com.alibaba.druid.pool.DruidDataSource:928] {dataSource-1} inited
[2019-03-24 21:21:41] [WARN] [org.hibernate.id.UUIDHexGenerator:59] HHH000409: Using org.hibernate.id.UUIDHexGenerator which does not generate IETF RFC 4122 compliant UUID values; consider using org.hibernate.id.UUIDGenerator instead
[2019-03-24 21:21:42] [WARN] [net.sf.ehcache.config.CacheConfiguration:698] Cache 'foreverCache' is set to eternal but also has TTI/TTL set.  To avoid this warning, clean up the config removing conflicting values of eternal, TTI and TTL. Effective configuration for Cache 'foreverCache' will be eternal='true', timeToIdleSeconds='0', timeToLiveSeconds='0'.
[2019-03-24 21:21:44] [INFO] [org.quartz.impl.StdSchedulerFactory:1208] Using default implementation for ThreadExecutor
[2019-03-24 21:21:44] [INFO] [org.quartz.core.SchedulerSignalerImpl:61] Initialized Scheduler Signaller of type: class org.quartz.core.SchedulerSignalerImpl
[2019-03-24 21:21:44] [INFO] [org.quartz.core.QuartzScheduler:229] Quartz Scheduler v.2.3.0 created.
[2019-03-24 21:21:44] [INFO] [org.quartz.simpl.RAMJobStore:155] RAMJobStore initialized.
[2019-03-24 21:21:44] [INFO] [org.quartz.core.QuartzScheduler:294] Scheduler meta-data: Quartz Scheduler (v2.3.0) 'schedulerFactory' with instanceId 'NON_CLUSTERED'
  Scheduler class: 'org.quartz.core.QuartzScheduler' - running locally.
  NOT STARTED.
  Currently in standby mode.
  Number of jobs executed: 0
  Using thread pool 'org.quartz.simpl.SimpleThreadPool' - with 10 threads.
  Using job-store 'org.quartz.simpl.RAMJobStore' - which does not support persistence. and is not clustered.

[2019-03-24 21:21:44] [INFO] [org.quartz.impl.StdSchedulerFactory:1362] Quartz scheduler 'schedulerFactory' initialized from an externally provided properties instance.
[2019-03-24 21:21:44] [INFO] [org.quartz.impl.StdSchedulerFactory:1366] Quartz scheduler version: 2.3.0
[2019-03-24 21:21:44] [INFO] [org.quartz.core.QuartzScheduler:2287] JobFactory set to: org.jeecgframework.web.system.sms.util.JQuartzJobFactory@db94d08
[2019-03-24 21:21:44] [INFO] [org.jeecgframework.core.timer.DynamicTask:252]  register time task class num is [0] 
[2019-03-24 21:21:46] [INFO] [org.jeecgframework.core.timer.DataBaseSchedulerFactoryBean:648] Starting Quartz Scheduler now
[2019-03-24 21:21:46] [INFO] [org.quartz.core.QuartzScheduler:547] Scheduler schedulerFactory_$_NON_CLUSTERED started.
[2019-03-24 21:21:46] [INFO] [org.jeecgframework.web.system.service.impl.SystemServiceImpl:180]   ------ 初始化字典组 【系统缓存】-----------typeGroupsList-----size: [40]
[2019-03-24 21:21:46] [INFO] [org.jeecgframework.web.system.service.impl.SystemServiceImpl:181]   ------ 初始化字典 【系统缓存】-----------typesList-----size: [40]
[2019-03-24 21:21:46] [INFO] [org.jeecgframework.web.system.service.impl.MutiLangServiceImpl:43]   ------ 初始化国际化语言【系统缓存】  ------ size: [1219] 
[2019-03-24 21:21:46] [INFO] [org.jeecgframework.web.system.service.impl.DynamicDataSourceServiceImpl:41]   ------ 初始化动态数据源配置【系统缓存】---------size: [2] 
[2019-03-24 21:22:11] [INFO] [org.jeecgframework.web.system.controller.core.LoginController:223]  >>>>>>>>>>>>>>>>>>>>>>>>>>  Login 用户登录成功，初始化Main首页用户信息  （Main 首页加载逻辑）  >>>>>>>>>>>>>>>>>>>>>>>>>>>>>>>>> 
[2019-03-24 21:22:11] [INFO] [org.jeecgframework.web.system.controller.core.LoginController:264] login 资源路径returnURL：null
[2019-03-24 21:22:12] [INFO] [com.jeecg.chat.web.ImController:318] --通过流的方式获取文件异常--D:\upFiles\20170502\4afbfbedab64034f9015f1bca8c379310b551dab.jpg (系统找不到指定的路径。)
[2019-03-24 21:22:12] [INFO] [com.jeecg.chat.web.ImController:318] --通过流的方式获取文件异常--D:\upFiles\upload\files\20180715\qq_1531625977907.jpg (系统找不到指定的路径。)
[2019-03-24 21:22:13] [WARN] [org.springframework.web.servlet.PageNotFound:1114] No mapping found for HTTP request with URI [/lawyerfile/basFileController.do] in DispatcherServlet with name 'springMvc'
[2019-03-24 21:22:16] [WARN] [org.springframework.web.servlet.PageNotFound:1114] No mapping found for HTTP request with URI [/lawyerfile/basFileController.do] in DispatcherServlet with name 'springMvc'
[2019-03-24 21:22:29] [INFO] [org.jeecgframework.codegenerate.database.JeecgReadTable:420] 数据库驱动: com.mysql.jdbc.Driver
[2019-03-24 21:22:29] [INFO] [org.jeecgframework.codegenerate.generate.CgformCodeGenerate:257] ----jeecg---Code----Generation----[单表模型:bas_file]------- 生成中。。。
[2019-03-24 21:22:29] [INFO] [org.jeecgframework.codegenerate.generate.CgformCodeGenerate:268] ----jeecg------path----[table/single]-------
[2019-03-24 21:22:30] [INFO] [org.jeecgframework.codegenerate.generate.CgformCodeGenerate:300] ----jeecg----Code----Generation-----[单表模型：bas_file]------ 生成完成。。。
[2019-03-24 21:22:50] [WARN] [org.springframework.web.servlet.PageNotFound:1114] No mapping found for HTTP request with URI [/lawyerfile/basFileController.do] in DispatcherServlet with name 'springMvc'
[2019-03-24 21:24:53] [INFO] [org.jeecgframework.minidao.factory.MiniDaoClassPathMapperScanner:48] register minidao name is { org.jeecgframework.web.cgdynamgraph.dao.core.CgDynamGraphDao }
[2019-03-24 21:24:53] [INFO] [org.jeecgframework.minidao.factory.MiniDaoClassPathMapperScanner:48] register minidao name is { org.jeecgframework.web.cgform.dao.config.CgFormFieldDao }
[2019-03-24 21:24:53] [INFO] [org.jeecgframework.minidao.factory.MiniDaoClassPathMapperScanner:48] register minidao name is { org.jeecgframework.web.cgform.dao.config.CgFormVersionDao }
[2019-03-24 21:24:53] [INFO] [org.jeecgframework.minidao.factory.MiniDaoClassPathMapperScanner:48] register minidao name is { org.jeecgframework.web.cgform.dao.upload.CgFormUploadDao }
[2019-03-24 21:24:53] [INFO] [org.jeecgframework.minidao.factory.MiniDaoClassPathMapperScanner:48] register minidao name is { org.jeecgframework.web.cgreport.dao.core.CgReportDao }
[2019-03-24 21:24:53] [INFO] [org.jeecgframework.minidao.factory.MiniDaoClassPathMapperScanner:48] register minidao name is { org.jeecgframework.web.system.dao.DepartAuthGroupDao }
[2019-03-24 21:24:53] [INFO] [org.jeecgframework.minidao.factory.MiniDaoClassPathMapperScanner:48] register minidao name is { org.jeecgframework.web.system.dao.JeecgDictDao }
[2019-03-24 21:24:53] [INFO] [org.jeecgframework.minidao.factory.MiniDaoClassPathMapperScanner:48] register minidao name is { com.jeecg.demo.dao.JeecgMinidaoDao }
[2019-03-24 21:24:53] [INFO] [org.jeecgframework.minidao.factory.MiniDaoClassPathMapperScanner:48] register minidao name is { com.jeecg.core.biz.mutiLang.dao.P3MutiLangDao }
[2019-03-24 21:24:53] [INFO] [org.jeecgframework.minidao.factory.MiniDaoClassPathMapperScanner:48] register minidao name is { com.jeecg.core.biz.tag.select.dict.dao.TSTypeDao }
[2019-03-24 21:24:53] [INFO] [org.jeecgframework.minidao.factory.MiniDaoClassPathMapperScanner:48] register minidao name is { com.jeecg.core.biz.tag.select.table.dao.CustomTableDao }
[2019-03-24 21:24:53] [INFO] [org.jeecgframework.minidao.factory.MiniDaoClassPathMapperScanner:48] register minidao name is { com.jeecg.core.biz.dao.TSOperationDao }
[2019-03-24 21:24:53] [INFO] [org.jeecgframework.minidao.factory.MiniDaoClassPathMapperScanner:48] register minidao name is { com.jeecg.actInvite.dao.WxActInviteDao }
[2019-03-24 21:24:53] [INFO] [org.jeecgframework.minidao.factory.MiniDaoClassPathMapperScanner:48] register minidao name is { com.jeecg.auth.dao.JwSystemAuthDao }
[2019-03-24 21:24:53] [INFO] [org.jeecgframework.minidao.factory.MiniDaoClassPathMapperScanner:48] register minidao name is { com.jeecg.domo.order.dao.JpDemoOrderCustomDao }
[2019-03-24 21:24:53] [INFO] [org.jeecgframework.minidao.factory.MiniDaoClassPathMapperScanner:48] register minidao name is { com.jeecg.domo.order.dao.JpDemoOrderMainDao }
[2019-03-24 21:24:53] [INFO] [org.jeecgframework.minidao.factory.MiniDaoClassPathMapperScanner:48] register minidao name is { com.jeecg.domo.order.dao.JpDemoOrderProductDao }
[2019-03-24 21:24:53] [INFO] [org.jeecgframework.minidao.factory.MiniDaoClassPathMapperScanner:48] register minidao name is { com.jeecg.chat.dao.ChatMessageHistoryDao }
[2019-03-24 21:24:53] [INFO] [org.jeecgframework.minidao.factory.MiniDaoClassPathMapperScanner:48] register minidao name is { com.jeecg.chat.dao.ImDao }
[2019-03-24 21:24:53] [INFO] [org.jeecgframework.minidao.factory.MiniDaoClassPathMapperScanner:48] register minidao name is { com.jeecg.mail.dao.P3MailJformInnerMailAttachDao }
[2019-03-24 21:24:53] [INFO] [org.jeecgframework.minidao.factory.MiniDaoClassPathMapperScanner:48] register minidao name is { com.jeecg.mail.dao.P3MailJformInnerMailDao }
[2019-03-24 21:24:53] [INFO] [org.jeecgframework.minidao.factory.MiniDaoClassPathMapperScanner:48] register minidao name is { com.jeecg.mail.dao.P3MailJformInnerMailReceiverDao }
[2019-03-24 21:24:53] [INFO] [org.jeecgframework.minidao.factory.MiniDaoClassPathMapperScanner:48] register minidao name is { com.jeecg.mail.dao.P3MailTSBaseUserDao }
[2019-03-24 21:24:53] [INFO] [org.jeecgframework.minidao.factory.MiniDaoClassPathMapperScanner:48] register minidao name is { com.jeecg.mail.dao.P3MailTSUserDao }
[2019-03-24 21:24:54] [INFO] [com.alibaba.druid.pool.DruidDataSource:928] {dataSource-1} inited
[2019-03-24 21:24:55] [WARN] [org.hibernate.id.UUIDHexGenerator:59] HHH000409: Using org.hibernate.id.UUIDHexGenerator which does not generate IETF RFC 4122 compliant UUID values; consider using org.hibernate.id.UUIDGenerator instead
[2019-03-24 21:24:55] [WARN] [net.sf.ehcache.config.CacheConfiguration:698] Cache 'foreverCache' is set to eternal but also has TTI/TTL set.  To avoid this warning, clean up the config removing conflicting values of eternal, TTI and TTL. Effective configuration for Cache 'foreverCache' will be eternal='true', timeToIdleSeconds='0', timeToLiveSeconds='0'.
[2019-03-24 21:24:57] [INFO] [org.quartz.impl.StdSchedulerFactory:1208] Using default implementation for ThreadExecutor
[2019-03-24 21:24:57] [INFO] [org.quartz.core.SchedulerSignalerImpl:61] Initialized Scheduler Signaller of type: class org.quartz.core.SchedulerSignalerImpl
[2019-03-24 21:24:57] [INFO] [org.quartz.core.QuartzScheduler:229] Quartz Scheduler v.2.3.0 created.
[2019-03-24 21:24:57] [INFO] [org.quartz.simpl.RAMJobStore:155] RAMJobStore initialized.
[2019-03-24 21:24:57] [INFO] [org.quartz.core.QuartzScheduler:294] Scheduler meta-data: Quartz Scheduler (v2.3.0) 'schedulerFactory' with instanceId 'NON_CLUSTERED'
  Scheduler class: 'org.quartz.core.QuartzScheduler' - running locally.
  NOT STARTED.
  Currently in standby mode.
  Number of jobs executed: 0
  Using thread pool 'org.quartz.simpl.SimpleThreadPool' - with 10 threads.
  Using job-store 'org.quartz.simpl.RAMJobStore' - which does not support persistence. and is not clustered.

[2019-03-24 21:24:57] [INFO] [org.quartz.impl.StdSchedulerFactory:1362] Quartz scheduler 'schedulerFactory' initialized from an externally provided properties instance.
[2019-03-24 21:24:57] [INFO] [org.quartz.impl.StdSchedulerFactory:1366] Quartz scheduler version: 2.3.0
[2019-03-24 21:24:57] [INFO] [org.quartz.core.QuartzScheduler:2287] JobFactory set to: org.jeecgframework.web.system.sms.util.JQuartzJobFactory@39f8f82d
[2019-03-24 21:24:58] [INFO] [org.jeecgframework.core.timer.DynamicTask:252]  register time task class num is [0] 
[2019-03-24 21:25:00] [INFO] [org.jeecgframework.core.timer.DataBaseSchedulerFactoryBean:648] Starting Quartz Scheduler now
[2019-03-24 21:25:00] [INFO] [org.quartz.core.QuartzScheduler:547] Scheduler schedulerFactory_$_NON_CLUSTERED started.
[2019-03-24 21:25:00] [INFO] [org.jeecgframework.web.system.service.impl.SystemServiceImpl:180]   ------ 初始化字典组 【系统缓存】-----------typeGroupsList-----size: [40]
[2019-03-24 21:25:00] [INFO] [org.jeecgframework.web.system.service.impl.SystemServiceImpl:181]   ------ 初始化字典 【系统缓存】-----------typesList-----size: [40]
[2019-03-24 21:25:00] [INFO] [org.jeecgframework.web.system.service.impl.MutiLangServiceImpl:43]   ------ 初始化国际化语言【系统缓存】  ------ size: [1219] 
[2019-03-24 21:25:00] [INFO] [org.jeecgframework.web.system.service.impl.DynamicDataSourceServiceImpl:41]   ------ 初始化动态数据源配置【系统缓存】---------size: [2] 
[2019-03-24 21:25:07] [INFO] [org.jeecgframework.web.system.controller.core.LoginController:223]  >>>>>>>>>>>>>>>>>>>>>>>>>>  Login 用户登录成功，初始化Main首页用户信息  （Main 首页加载逻辑）  >>>>>>>>>>>>>>>>>>>>>>>>>>>>>>>>> 
[2019-03-24 21:25:08] [INFO] [org.jeecgframework.web.system.controller.core.LoginController:264] login 资源路径returnURL：null
[2019-03-24 21:25:09] [INFO] [com.jeecg.chat.web.ImController:318] --通过流的方式获取文件异常--D:\upFiles\upload\files\20180715\qq_1531625977907.jpg (系统找不到指定的路径。)
[2019-03-24 21:25:09] [INFO] [com.jeecg.chat.web.ImController:318] --通过流的方式获取文件异常--D:\upFiles\20170502\4afbfbedab64034f9015f1bca8c379310b551dab.jpg (系统找不到指定的路径。)
[2019-03-24 21:27:17] [INFO] [org.jeecgframework.minidao.factory.MiniDaoClassPathMapperScanner:48] register minidao name is { org.jeecgframework.web.cgdynamgraph.dao.core.CgDynamGraphDao }
[2019-03-24 21:27:17] [INFO] [org.jeecgframework.minidao.factory.MiniDaoClassPathMapperScanner:48] register minidao name is { org.jeecgframework.web.cgform.dao.config.CgFormFieldDao }
[2019-03-24 21:27:17] [INFO] [org.jeecgframework.minidao.factory.MiniDaoClassPathMapperScanner:48] register minidao name is { org.jeecgframework.web.cgform.dao.config.CgFormVersionDao }
[2019-03-24 21:27:17] [INFO] [org.jeecgframework.minidao.factory.MiniDaoClassPathMapperScanner:48] register minidao name is { org.jeecgframework.web.cgform.dao.upload.CgFormUploadDao }
[2019-03-24 21:27:17] [INFO] [org.jeecgframework.minidao.factory.MiniDaoClassPathMapperScanner:48] register minidao name is { org.jeecgframework.web.cgreport.dao.core.CgReportDao }
[2019-03-24 21:27:17] [INFO] [org.jeecgframework.minidao.factory.MiniDaoClassPathMapperScanner:48] register minidao name is { org.jeecgframework.web.system.dao.DepartAuthGroupDao }
[2019-03-24 21:27:17] [INFO] [org.jeecgframework.minidao.factory.MiniDaoClassPathMapperScanner:48] register minidao name is { org.jeecgframework.web.system.dao.JeecgDictDao }
[2019-03-24 21:27:17] [INFO] [org.jeecgframework.minidao.factory.MiniDaoClassPathMapperScanner:48] register minidao name is { com.jeecg.demo.dao.JeecgMinidaoDao }
[2019-03-24 21:27:17] [INFO] [org.jeecgframework.minidao.factory.MiniDaoClassPathMapperScanner:48] register minidao name is { com.jeecg.core.biz.mutiLang.dao.P3MutiLangDao }
[2019-03-24 21:27:17] [INFO] [org.jeecgframework.minidao.factory.MiniDaoClassPathMapperScanner:48] register minidao name is { com.jeecg.core.biz.tag.select.dict.dao.TSTypeDao }
[2019-03-24 21:27:17] [INFO] [org.jeecgframework.minidao.factory.MiniDaoClassPathMapperScanner:48] register minidao name is { com.jeecg.core.biz.tag.select.table.dao.CustomTableDao }
[2019-03-24 21:27:17] [INFO] [org.jeecgframework.minidao.factory.MiniDaoClassPathMapperScanner:48] register minidao name is { com.jeecg.core.biz.dao.TSOperationDao }
[2019-03-24 21:27:17] [INFO] [org.jeecgframework.minidao.factory.MiniDaoClassPathMapperScanner:48] register minidao name is { com.jeecg.actInvite.dao.WxActInviteDao }
[2019-03-24 21:27:17] [INFO] [org.jeecgframework.minidao.factory.MiniDaoClassPathMapperScanner:48] register minidao name is { com.jeecg.auth.dao.JwSystemAuthDao }
[2019-03-24 21:27:17] [INFO] [org.jeecgframework.minidao.factory.MiniDaoClassPathMapperScanner:48] register minidao name is { com.jeecg.domo.order.dao.JpDemoOrderCustomDao }
[2019-03-24 21:27:17] [INFO] [org.jeecgframework.minidao.factory.MiniDaoClassPathMapperScanner:48] register minidao name is { com.jeecg.domo.order.dao.JpDemoOrderMainDao }
[2019-03-24 21:27:17] [INFO] [org.jeecgframework.minidao.factory.MiniDaoClassPathMapperScanner:48] register minidao name is { com.jeecg.domo.order.dao.JpDemoOrderProductDao }
[2019-03-24 21:27:17] [INFO] [org.jeecgframework.minidao.factory.MiniDaoClassPathMapperScanner:48] register minidao name is { com.jeecg.chat.dao.ChatMessageHistoryDao }
[2019-03-24 21:27:17] [INFO] [org.jeecgframework.minidao.factory.MiniDaoClassPathMapperScanner:48] register minidao name is { com.jeecg.chat.dao.ImDao }
[2019-03-24 21:27:17] [INFO] [org.jeecgframework.minidao.factory.MiniDaoClassPathMapperScanner:48] register minidao name is { com.jeecg.mail.dao.P3MailJformInnerMailAttachDao }
[2019-03-24 21:27:17] [INFO] [org.jeecgframework.minidao.factory.MiniDaoClassPathMapperScanner:48] register minidao name is { com.jeecg.mail.dao.P3MailJformInnerMailDao }
[2019-03-24 21:27:17] [INFO] [org.jeecgframework.minidao.factory.MiniDaoClassPathMapperScanner:48] register minidao name is { com.jeecg.mail.dao.P3MailJformInnerMailReceiverDao }
[2019-03-24 21:27:17] [INFO] [org.jeecgframework.minidao.factory.MiniDaoClassPathMapperScanner:48] register minidao name is { com.jeecg.mail.dao.P3MailTSBaseUserDao }
[2019-03-24 21:27:17] [INFO] [org.jeecgframework.minidao.factory.MiniDaoClassPathMapperScanner:48] register minidao name is { com.jeecg.mail.dao.P3MailTSUserDao }
[2019-03-24 21:27:17] [INFO] [com.alibaba.druid.pool.DruidDataSource:928] {dataSource-1} inited
[2019-03-24 21:27:19] [WARN] [org.hibernate.id.UUIDHexGenerator:59] HHH000409: Using org.hibernate.id.UUIDHexGenerator which does not generate IETF RFC 4122 compliant UUID values; consider using org.hibernate.id.UUIDGenerator instead
[2019-03-24 21:27:20] [WARN] [net.sf.ehcache.config.CacheConfiguration:698] Cache 'foreverCache' is set to eternal but also has TTI/TTL set.  To avoid this warning, clean up the config removing conflicting values of eternal, TTI and TTL. Effective configuration for Cache 'foreverCache' will be eternal='true', timeToIdleSeconds='0', timeToLiveSeconds='0'.
[2019-03-24 21:27:22] [INFO] [org.quartz.impl.StdSchedulerFactory:1208] Using default implementation for ThreadExecutor
[2019-03-24 21:27:22] [INFO] [org.quartz.core.SchedulerSignalerImpl:61] Initialized Scheduler Signaller of type: class org.quartz.core.SchedulerSignalerImpl
[2019-03-24 21:27:22] [INFO] [org.quartz.core.QuartzScheduler:229] Quartz Scheduler v.2.3.0 created.
[2019-03-24 21:27:22] [INFO] [org.quartz.simpl.RAMJobStore:155] RAMJobStore initialized.
[2019-03-24 21:27:22] [INFO] [org.quartz.core.QuartzScheduler:294] Scheduler meta-data: Quartz Scheduler (v2.3.0) 'schedulerFactory' with instanceId 'NON_CLUSTERED'
  Scheduler class: 'org.quartz.core.QuartzScheduler' - running locally.
  NOT STARTED.
  Currently in standby mode.
  Number of jobs executed: 0
  Using thread pool 'org.quartz.simpl.SimpleThreadPool' - with 10 threads.
  Using job-store 'org.quartz.simpl.RAMJobStore' - which does not support persistence. and is not clustered.

[2019-03-24 21:27:22] [INFO] [org.quartz.impl.StdSchedulerFactory:1362] Quartz scheduler 'schedulerFactory' initialized from an externally provided properties instance.
[2019-03-24 21:27:22] [INFO] [org.quartz.impl.StdSchedulerFactory:1366] Quartz scheduler version: 2.3.0
[2019-03-24 21:27:22] [INFO] [org.quartz.core.QuartzScheduler:2287] JobFactory set to: org.jeecgframework.web.system.sms.util.JQuartzJobFactory@402762d9
[2019-03-24 21:27:22] [INFO] [org.jeecgframework.core.timer.DynamicTask:252]  register time task class num is [0] 
[2019-03-24 21:27:24] [INFO] [org.jeecgframework.core.timer.DataBaseSchedulerFactoryBean:648] Starting Quartz Scheduler now
[2019-03-24 21:27:24] [INFO] [org.quartz.core.QuartzScheduler:547] Scheduler schedulerFactory_$_NON_CLUSTERED started.
[2019-03-24 21:27:24] [INFO] [org.jeecgframework.web.system.service.impl.SystemServiceImpl:180]   ------ 初始化字典组 【系统缓存】-----------typeGroupsList-----size: [40]
[2019-03-24 21:27:24] [INFO] [org.jeecgframework.web.system.service.impl.SystemServiceImpl:181]   ------ 初始化字典 【系统缓存】-----------typesList-----size: [40]
[2019-03-24 21:27:24] [INFO] [org.jeecgframework.web.system.service.impl.MutiLangServiceImpl:43]   ------ 初始化国际化语言【系统缓存】  ------ size: [1219] 
[2019-03-24 21:27:24] [INFO] [org.jeecgframework.web.system.service.impl.DynamicDataSourceServiceImpl:41]   ------ 初始化动态数据源配置【系统缓存】---------size: [2] 
[2019-03-24 21:27:30] [INFO] [org.jeecgframework.web.system.controller.core.LoginController:223]  >>>>>>>>>>>>>>>>>>>>>>>>>>  Login 用户登录成功，初始化Main首页用户信息  （Main 首页加载逻辑）  >>>>>>>>>>>>>>>>>>>>>>>>>>>>>>>>> 
[2019-03-24 21:27:30] [INFO] [org.jeecgframework.web.system.controller.core.LoginController:264] login 资源路径returnURL：null
[2019-03-24 21:27:32] [INFO] [com.jeecg.chat.web.ImController:318] --通过流的方式获取文件异常--D:\upFiles\upload\files\20180715\qq_1531625977907.jpg (系统找不到指定的路径。)
[2019-03-24 21:27:32] [INFO] [com.jeecg.chat.web.ImController:318] --通过流的方式获取文件异常--D:\upFiles\20170502\4afbfbedab64034f9015f1bca8c379310b551dab.jpg (系统找不到指定的路径。)
[2019-03-24 21:30:27] [INFO] [org.jeecgframework.web.system.controller.core.LoginController:223]  >>>>>>>>>>>>>>>>>>>>>>>>>>  Login 用户登录成功，初始化Main首页用户信息  （Main 首页加载逻辑）  >>>>>>>>>>>>>>>>>>>>>>>>>>>>>>>>> 
[2019-03-24 21:30:27] [INFO] [org.jeecgframework.web.system.controller.core.LoginController:264] login 资源路径returnURL：null
[2019-03-24 21:30:33] [INFO] [com.jeecg.chat.web.ImController:318] --通过流的方式获取文件异常--D:\upFiles\20170502\4afbfbedab64034f9015f1bca8c379310b551dab.jpg (系统找不到指定的路径。)
[2019-03-24 21:30:33] [INFO] [com.jeecg.chat.web.ImController:318] --通过流的方式获取文件异常--D:\upFiles\upload\files\20180715\qq_1531625977907.jpg (系统找不到指定的路径。)
[2019-03-24 21:30:35] [INFO] [com.jeecg.chat.web.ImController:318] --通过流的方式获取文件异常--D:\upFiles\upload\files\20180715\qq_1531625977907.jpg (系统找不到指定的路径。)
[2019-03-24 21:30:45] [INFO] [org.jeecgframework.web.system.controller.core.LoginController:223]  >>>>>>>>>>>>>>>>>>>>>>>>>>  Login 用户登录成功，初始化Main首页用户信息  （Main 首页加载逻辑）  >>>>>>>>>>>>>>>>>>>>>>>>>>>>>>>>> 
[2019-03-24 21:30:45] [INFO] [org.jeecgframework.web.system.controller.core.LoginController:264] login 资源路径returnURL：null
[2019-03-24 21:30:46] [INFO] [com.jeecg.chat.web.ImController:318] --通过流的方式获取文件异常--D:\upFiles\upload\files\20180715\qq_1531625977907.jpg (系统找不到指定的路径。)
[2019-03-24 21:30:46] [INFO] [com.jeecg.chat.web.ImController:318] --通过流的方式获取文件异常--D:\upFiles\20170502\4afbfbedab64034f9015f1bca8c379310b551dab.jpg (系统找不到指定的路径。)
[2019-03-24 23:24:55] [INFO] [org.jeecgframework.minidao.factory.MiniDaoClassPathMapperScanner:48] register minidao name is { org.jeecgframework.web.cgdynamgraph.dao.core.CgDynamGraphDao }
[2019-03-24 23:24:55] [INFO] [org.jeecgframework.minidao.factory.MiniDaoClassPathMapperScanner:48] register minidao name is { org.jeecgframework.web.cgform.dao.config.CgFormFieldDao }
[2019-03-24 23:24:55] [INFO] [org.jeecgframework.minidao.factory.MiniDaoClassPathMapperScanner:48] register minidao name is { org.jeecgframework.web.cgform.dao.config.CgFormVersionDao }
[2019-03-24 23:24:55] [INFO] [org.jeecgframework.minidao.factory.MiniDaoClassPathMapperScanner:48] register minidao name is { org.jeecgframework.web.cgform.dao.upload.CgFormUploadDao }
[2019-03-24 23:24:55] [INFO] [org.jeecgframework.minidao.factory.MiniDaoClassPathMapperScanner:48] register minidao name is { org.jeecgframework.web.cgreport.dao.core.CgReportDao }
[2019-03-24 23:24:55] [INFO] [org.jeecgframework.minidao.factory.MiniDaoClassPathMapperScanner:48] register minidao name is { org.jeecgframework.web.system.dao.DepartAuthGroupDao }
[2019-03-24 23:24:55] [INFO] [org.jeecgframework.minidao.factory.MiniDaoClassPathMapperScanner:48] register minidao name is { org.jeecgframework.web.system.dao.JeecgDictDao }
[2019-03-24 23:24:55] [INFO] [org.jeecgframework.minidao.factory.MiniDaoClassPathMapperScanner:48] register minidao name is { com.jeecg.demo.dao.JeecgMinidaoDao }
[2019-03-24 23:24:55] [INFO] [org.jeecgframework.minidao.factory.MiniDaoClassPathMapperScanner:48] register minidao name is { com.jeecg.core.biz.mutiLang.dao.P3MutiLangDao }
[2019-03-24 23:24:55] [INFO] [org.jeecgframework.minidao.factory.MiniDaoClassPathMapperScanner:48] register minidao name is { com.jeecg.core.biz.tag.select.dict.dao.TSTypeDao }
[2019-03-24 23:24:55] [INFO] [org.jeecgframework.minidao.factory.MiniDaoClassPathMapperScanner:48] register minidao name is { com.jeecg.core.biz.tag.select.table.dao.CustomTableDao }
[2019-03-24 23:24:55] [INFO] [org.jeecgframework.minidao.factory.MiniDaoClassPathMapperScanner:48] register minidao name is { com.jeecg.core.biz.dao.TSOperationDao }
[2019-03-24 23:24:55] [INFO] [org.jeecgframework.minidao.factory.MiniDaoClassPathMapperScanner:48] register minidao name is { com.jeecg.actInvite.dao.WxActInviteDao }
[2019-03-24 23:24:55] [INFO] [org.jeecgframework.minidao.factory.MiniDaoClassPathMapperScanner:48] register minidao name is { com.jeecg.auth.dao.JwSystemAuthDao }
[2019-03-24 23:24:55] [INFO] [org.jeecgframework.minidao.factory.MiniDaoClassPathMapperScanner:48] register minidao name is { com.jeecg.domo.order.dao.JpDemoOrderCustomDao }
[2019-03-24 23:24:55] [INFO] [org.jeecgframework.minidao.factory.MiniDaoClassPathMapperScanner:48] register minidao name is { com.jeecg.domo.order.dao.JpDemoOrderMainDao }
[2019-03-24 23:24:55] [INFO] [org.jeecgframework.minidao.factory.MiniDaoClassPathMapperScanner:48] register minidao name is { com.jeecg.domo.order.dao.JpDemoOrderProductDao }
[2019-03-24 23:24:55] [INFO] [org.jeecgframework.minidao.factory.MiniDaoClassPathMapperScanner:48] register minidao name is { com.jeecg.chat.dao.ChatMessageHistoryDao }
[2019-03-24 23:24:55] [INFO] [org.jeecgframework.minidao.factory.MiniDaoClassPathMapperScanner:48] register minidao name is { com.jeecg.chat.dao.ImDao }
[2019-03-24 23:24:55] [INFO] [org.jeecgframework.minidao.factory.MiniDaoClassPathMapperScanner:48] register minidao name is { com.jeecg.mail.dao.P3MailJformInnerMailAttachDao }
[2019-03-24 23:24:55] [INFO] [org.jeecgframework.minidao.factory.MiniDaoClassPathMapperScanner:48] register minidao name is { com.jeecg.mail.dao.P3MailJformInnerMailDao }
[2019-03-24 23:24:55] [INFO] [org.jeecgframework.minidao.factory.MiniDaoClassPathMapperScanner:48] register minidao name is { com.jeecg.mail.dao.P3MailJformInnerMailReceiverDao }
[2019-03-24 23:24:55] [INFO] [org.jeecgframework.minidao.factory.MiniDaoClassPathMapperScanner:48] register minidao name is { com.jeecg.mail.dao.P3MailTSBaseUserDao }
[2019-03-24 23:24:55] [INFO] [org.jeecgframework.minidao.factory.MiniDaoClassPathMapperScanner:48] register minidao name is { com.jeecg.mail.dao.P3MailTSUserDao }
[2019-03-24 23:24:55] [INFO] [com.alibaba.druid.pool.DruidDataSource:928] {dataSource-1} inited
[2019-03-24 23:24:57] [WARN] [org.hibernate.id.UUIDHexGenerator:59] HHH000409: Using org.hibernate.id.UUIDHexGenerator which does not generate IETF RFC 4122 compliant UUID values; consider using org.hibernate.id.UUIDGenerator instead
[2019-03-24 23:24:57] [WARN] [net.sf.ehcache.config.CacheConfiguration:698] Cache 'foreverCache' is set to eternal but also has TTI/TTL set.  To avoid this warning, clean up the config removing conflicting values of eternal, TTI and TTL. Effective configuration for Cache 'foreverCache' will be eternal='true', timeToIdleSeconds='0', timeToLiveSeconds='0'.
[2019-03-24 23:24:59] [INFO] [org.quartz.impl.StdSchedulerFactory:1208] Using default implementation for ThreadExecutor
[2019-03-24 23:24:59] [INFO] [org.quartz.core.SchedulerSignalerImpl:61] Initialized Scheduler Signaller of type: class org.quartz.core.SchedulerSignalerImpl
[2019-03-24 23:24:59] [INFO] [org.quartz.core.QuartzScheduler:229] Quartz Scheduler v.2.3.0 created.
[2019-03-24 23:24:59] [INFO] [org.quartz.simpl.RAMJobStore:155] RAMJobStore initialized.
[2019-03-24 23:24:59] [INFO] [org.quartz.core.QuartzScheduler:294] Scheduler meta-data: Quartz Scheduler (v2.3.0) 'schedulerFactory' with instanceId 'NON_CLUSTERED'
  Scheduler class: 'org.quartz.core.QuartzScheduler' - running locally.
  NOT STARTED.
  Currently in standby mode.
  Number of jobs executed: 0
  Using thread pool 'org.quartz.simpl.SimpleThreadPool' - with 10 threads.
  Using job-store 'org.quartz.simpl.RAMJobStore' - which does not support persistence. and is not clustered.

[2019-03-24 23:24:59] [INFO] [org.quartz.impl.StdSchedulerFactory:1362] Quartz scheduler 'schedulerFactory' initialized from an externally provided properties instance.
[2019-03-24 23:24:59] [INFO] [org.quartz.impl.StdSchedulerFactory:1366] Quartz scheduler version: 2.3.0
[2019-03-24 23:24:59] [INFO] [org.quartz.core.QuartzScheduler:2287] JobFactory set to: org.jeecgframework.web.system.sms.util.JQuartzJobFactory@6b154293
[2019-03-24 23:25:00] [INFO] [org.jeecgframework.core.timer.DynamicTask:252]  register time task class num is [0] 
[2019-03-24 23:25:01] [INFO] [org.jeecgframework.core.timer.DataBaseSchedulerFactoryBean:648] Starting Quartz Scheduler now
[2019-03-24 23:25:01] [INFO] [org.quartz.core.QuartzScheduler:547] Scheduler schedulerFactory_$_NON_CLUSTERED started.
[2019-03-24 23:25:02] [INFO] [org.jeecgframework.web.system.service.impl.SystemServiceImpl:180]   ------ 初始化字典组 【系统缓存】-----------typeGroupsList-----size: [40]
[2019-03-24 23:25:02] [INFO] [org.jeecgframework.web.system.service.impl.SystemServiceImpl:181]   ------ 初始化字典 【系统缓存】-----------typesList-----size: [40]
[2019-03-24 23:25:02] [INFO] [org.jeecgframework.web.system.service.impl.MutiLangServiceImpl:43]   ------ 初始化国际化语言【系统缓存】  ------ size: [1219] 
[2019-03-24 23:25:02] [INFO] [org.jeecgframework.web.system.service.impl.DynamicDataSourceServiceImpl:41]   ------ 初始化动态数据源配置【系统缓存】---------size: [2] 
[2019-03-24 23:26:39] [INFO] [org.jeecgframework.web.system.controller.core.LoginController:223]  >>>>>>>>>>>>>>>>>>>>>>>>>>  Login 用户登录成功，初始化Main首页用户信息  （Main 首页加载逻辑）  >>>>>>>>>>>>>>>>>>>>>>>>>>>>>>>>> 
[2019-03-24 23:26:39] [INFO] [org.jeecgframework.web.system.controller.core.LoginController:264] login 资源路径returnURL：null
[2019-03-24 23:26:41] [INFO] [com.jeecg.chat.web.ImController:318] --通过流的方式获取文件异常--D:\upFiles\20170502\4afbfbedab64034f9015f1bca8c379310b551dab.jpg (系统找不到指定的路径。)
[2019-03-24 23:26:41] [INFO] [com.jeecg.chat.web.ImController:318] --通过流的方式获取文件异常--D:\upFiles\upload\files\20180715\qq_1531625977907.jpg (系统找不到指定的路径。)
[2019-03-24 23:44:44] [INFO] [org.jeecgframework.minidao.factory.MiniDaoClassPathMapperScanner:48] register minidao name is { org.jeecgframework.web.cgdynamgraph.dao.core.CgDynamGraphDao }
[2019-03-24 23:44:44] [INFO] [org.jeecgframework.minidao.factory.MiniDaoClassPathMapperScanner:48] register minidao name is { org.jeecgframework.web.cgform.dao.config.CgFormFieldDao }
[2019-03-24 23:44:44] [INFO] [org.jeecgframework.minidao.factory.MiniDaoClassPathMapperScanner:48] register minidao name is { org.jeecgframework.web.cgform.dao.config.CgFormVersionDao }
[2019-03-24 23:44:44] [INFO] [org.jeecgframework.minidao.factory.MiniDaoClassPathMapperScanner:48] register minidao name is { org.jeecgframework.web.cgform.dao.upload.CgFormUploadDao }
[2019-03-24 23:44:44] [INFO] [org.jeecgframework.minidao.factory.MiniDaoClassPathMapperScanner:48] register minidao name is { org.jeecgframework.web.cgreport.dao.core.CgReportDao }
[2019-03-24 23:44:44] [INFO] [org.jeecgframework.minidao.factory.MiniDaoClassPathMapperScanner:48] register minidao name is { org.jeecgframework.web.system.dao.DepartAuthGroupDao }
[2019-03-24 23:44:44] [INFO] [org.jeecgframework.minidao.factory.MiniDaoClassPathMapperScanner:48] register minidao name is { org.jeecgframework.web.system.dao.JeecgDictDao }
[2019-03-24 23:44:44] [INFO] [org.jeecgframework.minidao.factory.MiniDaoClassPathMapperScanner:48] register minidao name is { com.jeecg.demo.dao.JeecgMinidaoDao }
[2019-03-24 23:44:44] [INFO] [org.jeecgframework.minidao.factory.MiniDaoClassPathMapperScanner:48] register minidao name is { com.jeecg.core.biz.mutiLang.dao.P3MutiLangDao }
[2019-03-24 23:44:44] [INFO] [org.jeecgframework.minidao.factory.MiniDaoClassPathMapperScanner:48] register minidao name is { com.jeecg.core.biz.tag.select.dict.dao.TSTypeDao }
[2019-03-24 23:44:44] [INFO] [org.jeecgframework.minidao.factory.MiniDaoClassPathMapperScanner:48] register minidao name is { com.jeecg.core.biz.tag.select.table.dao.CustomTableDao }
[2019-03-24 23:44:44] [INFO] [org.jeecgframework.minidao.factory.MiniDaoClassPathMapperScanner:48] register minidao name is { com.jeecg.core.biz.dao.TSOperationDao }
[2019-03-24 23:44:44] [INFO] [org.jeecgframework.minidao.factory.MiniDaoClassPathMapperScanner:48] register minidao name is { com.jeecg.actInvite.dao.WxActInviteDao }
[2019-03-24 23:44:44] [INFO] [org.jeecgframework.minidao.factory.MiniDaoClassPathMapperScanner:48] register minidao name is { com.jeecg.auth.dao.JwSystemAuthDao }
[2019-03-24 23:44:44] [INFO] [org.jeecgframework.minidao.factory.MiniDaoClassPathMapperScanner:48] register minidao name is { com.jeecg.domo.order.dao.JpDemoOrderCustomDao }
[2019-03-24 23:44:44] [INFO] [org.jeecgframework.minidao.factory.MiniDaoClassPathMapperScanner:48] register minidao name is { com.jeecg.domo.order.dao.JpDemoOrderMainDao }
[2019-03-24 23:44:44] [INFO] [org.jeecgframework.minidao.factory.MiniDaoClassPathMapperScanner:48] register minidao name is { com.jeecg.domo.order.dao.JpDemoOrderProductDao }
[2019-03-24 23:44:44] [INFO] [org.jeecgframework.minidao.factory.MiniDaoClassPathMapperScanner:48] register minidao name is { com.jeecg.chat.dao.ChatMessageHistoryDao }
[2019-03-24 23:44:44] [INFO] [org.jeecgframework.minidao.factory.MiniDaoClassPathMapperScanner:48] register minidao name is { com.jeecg.chat.dao.ImDao }
[2019-03-24 23:44:44] [INFO] [org.jeecgframework.minidao.factory.MiniDaoClassPathMapperScanner:48] register minidao name is { com.jeecg.mail.dao.P3MailJformInnerMailAttachDao }
[2019-03-24 23:44:44] [INFO] [org.jeecgframework.minidao.factory.MiniDaoClassPathMapperScanner:48] register minidao name is { com.jeecg.mail.dao.P3MailJformInnerMailDao }
[2019-03-24 23:44:44] [INFO] [org.jeecgframework.minidao.factory.MiniDaoClassPathMapperScanner:48] register minidao name is { com.jeecg.mail.dao.P3MailJformInnerMailReceiverDao }
[2019-03-24 23:44:44] [INFO] [org.jeecgframework.minidao.factory.MiniDaoClassPathMapperScanner:48] register minidao name is { com.jeecg.mail.dao.P3MailTSBaseUserDao }
[2019-03-24 23:44:44] [INFO] [org.jeecgframework.minidao.factory.MiniDaoClassPathMapperScanner:48] register minidao name is { com.jeecg.mail.dao.P3MailTSUserDao }
[2019-03-24 23:44:45] [INFO] [com.alibaba.druid.pool.DruidDataSource:928] {dataSource-1} inited
[2019-03-24 23:44:47] [WARN] [org.hibernate.id.UUIDHexGenerator:59] HHH000409: Using org.hibernate.id.UUIDHexGenerator which does not generate IETF RFC 4122 compliant UUID values; consider using org.hibernate.id.UUIDGenerator instead
[2019-03-24 23:44:48] [WARN] [net.sf.ehcache.config.CacheConfiguration:698] Cache 'foreverCache' is set to eternal but also has TTI/TTL set.  To avoid this warning, clean up the config removing conflicting values of eternal, TTI and TTL. Effective configuration for Cache 'foreverCache' will be eternal='true', timeToIdleSeconds='0', timeToLiveSeconds='0'.
[2019-03-24 23:44:50] [INFO] [org.quartz.impl.StdSchedulerFactory:1208] Using default implementation for ThreadExecutor
[2019-03-24 23:44:50] [INFO] [org.quartz.core.SchedulerSignalerImpl:61] Initialized Scheduler Signaller of type: class org.quartz.core.SchedulerSignalerImpl
[2019-03-24 23:44:50] [INFO] [org.quartz.core.QuartzScheduler:229] Quartz Scheduler v.2.3.0 created.
[2019-03-24 23:44:50] [INFO] [org.quartz.simpl.RAMJobStore:155] RAMJobStore initialized.
[2019-03-24 23:44:50] [INFO] [org.quartz.core.QuartzScheduler:294] Scheduler meta-data: Quartz Scheduler (v2.3.0) 'schedulerFactory' with instanceId 'NON_CLUSTERED'
  Scheduler class: 'org.quartz.core.QuartzScheduler' - running locally.
  NOT STARTED.
  Currently in standby mode.
  Number of jobs executed: 0
  Using thread pool 'org.quartz.simpl.SimpleThreadPool' - with 10 threads.
  Using job-store 'org.quartz.simpl.RAMJobStore' - which does not support persistence. and is not clustered.

[2019-03-24 23:44:50] [INFO] [org.quartz.impl.StdSchedulerFactory:1362] Quartz scheduler 'schedulerFactory' initialized from an externally provided properties instance.
[2019-03-24 23:44:50] [INFO] [org.quartz.impl.StdSchedulerFactory:1366] Quartz scheduler version: 2.3.0
[2019-03-24 23:44:50] [INFO] [org.quartz.core.QuartzScheduler:2287] JobFactory set to: org.jeecgframework.web.system.sms.util.JQuartzJobFactory@743dec50
[2019-03-24 23:44:51] [INFO] [org.jeecgframework.core.timer.DynamicTask:252]  register time task class num is [0] 
[2019-03-24 23:44:52] [INFO] [org.jeecgframework.core.timer.DataBaseSchedulerFactoryBean:648] Starting Quartz Scheduler now
[2019-03-24 23:44:52] [INFO] [org.quartz.core.QuartzScheduler:547] Scheduler schedulerFactory_$_NON_CLUSTERED started.
[2019-03-24 23:44:52] [INFO] [org.jeecgframework.web.system.service.impl.SystemServiceImpl:180]   ------ 初始化字典组 【系统缓存】-----------typeGroupsList-----size: [40]
[2019-03-24 23:44:52] [INFO] [org.jeecgframework.web.system.service.impl.SystemServiceImpl:181]   ------ 初始化字典 【系统缓存】-----------typesList-----size: [40]
[2019-03-24 23:44:52] [INFO] [org.jeecgframework.web.system.service.impl.MutiLangServiceImpl:43]   ------ 初始化国际化语言【系统缓存】  ------ size: [1219] 
[2019-03-24 23:44:52] [INFO] [org.jeecgframework.web.system.service.impl.DynamicDataSourceServiceImpl:41]   ------ 初始化动态数据源配置【系统缓存】---------size: [2] 
[2019-03-24 23:44:59] [INFO] [org.jeecgframework.web.system.controller.core.LoginController:223]  >>>>>>>>>>>>>>>>>>>>>>>>>>  Login 用户登录成功，初始化Main首页用户信息  （Main 首页加载逻辑）  >>>>>>>>>>>>>>>>>>>>>>>>>>>>>>>>> 
[2019-03-24 23:45:00] [INFO] [org.jeecgframework.web.system.controller.core.LoginController:264] login 资源路径returnURL：null
[2019-03-24 23:45:01] [INFO] [com.jeecg.chat.web.ImController:318] --通过流的方式获取文件异常--D:\upFiles\20170502\4afbfbedab64034f9015f1bca8c379310b551dab.jpg (系统找不到指定的路径。)
[2019-03-24 23:45:01] [INFO] [com.jeecg.chat.web.ImController:318] --通过流的方式获取文件异常--D:\upFiles\upload\files\20180715\qq_1531625977907.jpg (系统找不到指定的路径。)
[2019-03-24 23:54:25] [INFO] [org.jeecgframework.web.system.controller.core.UserController:327] [127.0.0.1][跳转重置用户密码页面][null]
[2019-03-24 23:54:34] [INFO] [org.jeecgframework.web.system.controller.core.UserController:347] [127.0.0.1][重置密码] start
[2019-03-24 23:54:34] [INFO] [org.jeecgframework.web.system.controller.core.UserController:369] [127.0.0.1][重置密码]用户: scott密码重置成功
[2019-03-24 23:59:43] [INFO] [org.jeecgframework.jwt.web.TokenController:47] 获取TOKEN[scott]
[2019-03-24 23:59:53] [ERROR] [org.jeecgframework.core.common.exception.GlobalExceptionResolver:86] 全局处理异常捕获:
java.net.SocketTimeoutException: connect timed out
	at java.net.DualStackPlainSocketImpl.waitForConnect(Native Method)
	at java.net.DualStackPlainSocketImpl.socketConnect(DualStackPlainSocketImpl.java:85)
	at java.net.AbstractPlainSocketImpl.doConnect(AbstractPlainSocketImpl.java:350)
	at java.net.AbstractPlainSocketImpl.connectToAddress(AbstractPlainSocketImpl.java:206)
	at java.net.AbstractPlainSocketImpl.connect(AbstractPlainSocketImpl.java:188)
	at java.net.PlainSocketImpl.connect(PlainSocketImpl.java:172)
	at java.net.SocksSocketImpl.connect(SocksSocketImpl.java:392)
	at java.net.Socket.connect(Socket.java:589)
	at redis.clients.jedis.Connection.connect(Connection.java:184)
	at redis.clients.jedis.BinaryClient.connect(BinaryClient.java:93)
	at redis.clients.jedis.BinaryJedis.connect(BinaryJedis.java:1767)
	at redis.clients.jedis.JedisFactory.makeObject(JedisFactory.java:106)
	at org.apache.commons.pool2.impl.GenericObjectPool.create(GenericObjectPool.java:868)
	at org.apache.commons.pool2.impl.GenericObjectPool.borrowObject(GenericObjectPool.java:435)
	at org.apache.commons.pool2.impl.GenericObjectPool.borrowObject(GenericObjectPool.java:363)
	at redis.clients.util.Pool.getResource(Pool.java:49)
	at redis.clients.jedis.JedisPool.getResource(JedisPool.java:226)
	at redis.clients.jedis.JedisPool.getResource(JedisPool.java:16)
	at org.springframework.data.redis.connection.jedis.JedisConnectionFactory.fetchJedisConnector(JedisConnectionFactory.java:155)
	at org.springframework.data.redis.connection.jedis.JedisConnectionFactory.getConnection(JedisConnectionFactory.java:251)
	at org.springframework.data.redis.connection.jedis.JedisConnectionFactory.getConnection(JedisConnectionFactory.java:58)
	at org.springframework.data.redis.core.RedisConnectionUtils.doGetConnection(RedisConnectionUtils.java:128)
	at org.springframework.data.redis.core.RedisConnectionUtils.getConnection(RedisConnectionUtils.java:91)
	at org.springframework.data.redis.core.RedisConnectionUtils.getConnection(RedisConnectionUtils.java:78)
	at org.springframework.data.redis.core.RedisTemplate.execute(RedisTemplate.java:178)
	at org.springframework.data.redis.core.RedisTemplate.execute(RedisTemplate.java:153)
	at org.springframework.data.redis.core.AbstractOperations.execute(AbstractOperations.java:86)
	at org.springframework.data.redis.core.DefaultValueOperations.set(DefaultValueOperations.java:182)
	at org.springframework.data.redis.core.DefaultBoundValueOperations.set(DefaultBoundValueOperations.java:65)
	at org.jeecgframework.jwt.service.RedisTokenManager.createToken(RedisTokenManager.java:33)
	at org.jeecgframework.jwt.web.TokenController.login(TokenController.java:66)
	at sun.reflect.NativeMethodAccessorImpl.invoke0(Native Method)
	at sun.reflect.NativeMethodAccessorImpl.invoke(NativeMethodAccessorImpl.java:62)
	at sun.reflect.DelegatingMethodAccessorImpl.invoke(DelegatingMethodAccessorImpl.java:43)
	at java.lang.reflect.Method.invoke(Method.java:498)
	at org.springframework.web.method.support.InvocableHandlerMethod.doInvoke(InvocableHandlerMethod.java:221)
	at org.springframework.web.method.support.InvocableHandlerMethod.invokeForRequest(InvocableHandlerMethod.java:137)
	at org.springframework.web.servlet.mvc.method.annotation.ServletInvocableHandlerMethod.invokeAndHandle(ServletInvocableHandlerMethod.java:104)
	at org.springframework.web.servlet.mvc.method.annotation.RequestMappingHandlerAdapter.invokeHandleMethod(RequestMappingHandlerAdapter.java:747)
	at org.springframework.web.servlet.mvc.method.annotation.RequestMappingHandlerAdapter.handleInternal(RequestMappingHandlerAdapter.java:676)
	at org.springframework.web.servlet.mvc.method.AbstractHandlerMethodAdapter.handle(AbstractHandlerMethodAdapter.java:85)
	at org.springframework.web.servlet.DispatcherServlet.doDispatch(DispatcherServlet.java:938)
	at org.springframework.web.servlet.DispatcherServlet.doService(DispatcherServlet.java:870)
	at org.springframework.web.servlet.FrameworkServlet.processRequest(FrameworkServlet.java:961)
	at org.springframework.web.servlet.FrameworkServlet.doPost(FrameworkServlet.java:863)
	at javax.servlet.http.HttpServlet.service(HttpServlet.java:647)
	at org.springframework.web.servlet.FrameworkServlet.service(FrameworkServlet.java:837)
	at javax.servlet.http.HttpServlet.service(HttpServlet.java:728)
	at org.apache.catalina.core.ApplicationFilterChain.internalDoFilter(ApplicationFilterChain.java:305)
	at org.apache.catalina.core.ApplicationFilterChain.doFilter(ApplicationFilterChain.java:210)
	at org.apache.tomcat.websocket.server.WsFilter.doFilter(WsFilter.java:51)
	at org.apache.catalina.core.ApplicationFilterChain.internalDoFilter(ApplicationFilterChain.java:243)
	at org.apache.catalina.core.ApplicationFilterChain.doFilter(ApplicationFilterChain.java:210)
	at com.alibaba.druid.support.http.WebStatFilter.doFilter(WebStatFilter.java:123)
	at org.apache.catalina.core.ApplicationFilterChain.internalDoFilter(ApplicationFilterChain.java:243)
	at org.apache.catalina.core.ApplicationFilterChain.doFilter(ApplicationFilterChain.java:210)
	at org.jeecgframework.core.aop.GZipFilter.doFilter(GZipFilter.java:114)
	at org.apache.catalina.core.ApplicationFilterChain.internalDoFilter(ApplicationFilterChain.java:243)
	at org.apache.catalina.core.ApplicationFilterChain.doFilter(ApplicationFilterChain.java:210)
	at org.springframework.web.filter.CharacterEncodingFilter.doFilterInternal(CharacterEncodingFilter.java:88)
	at org.springframework.web.filter.OncePerRequestFilter.doFilter(OncePerRequestFilter.java:107)
	at org.apache.catalina.core.ApplicationFilterChain.internalDoFilter(ApplicationFilterChain.java:243)
	at org.apache.catalina.core.ApplicationFilterChain.doFilter(ApplicationFilterChain.java:210)
	at org.springframework.orm.hibernate4.support.OpenSessionInViewFilter.doFilterInternal(OpenSessionInViewFilter.java:150)
	at org.springframework.web.filter.OncePerRequestFilter.doFilter(OncePerRequestFilter.java:107)
	at org.apache.catalina.core.ApplicationFilterChain.internalDoFilter(ApplicationFilterChain.java:243)
	at org.apache.catalina.core.ApplicationFilterChain.doFilter(ApplicationFilterChain.java:210)
	at org.apache.catalina.core.StandardWrapperValve.invoke(StandardWrapperValve.java:222)
	at org.apache.catalina.core.StandardContextValve.invoke(StandardContextValve.java:123)
	at org.apache.catalina.authenticator.AuthenticatorBase.invoke(AuthenticatorBase.java:502)
	at org.apache.catalina.core.StandardHostValve.invoke(StandardHostValve.java:171)
	at org.apache.catalina.valves.ErrorReportValve.invoke(ErrorReportValve.java:100)
	at org.apache.catalina.valves.AccessLogValve.invoke(AccessLogValve.java:953)
	at org.apache.catalina.core.StandardEngineValve.invoke(StandardEngineValve.java:118)
	at org.apache.catalina.connector.CoyoteAdapter.service(CoyoteAdapter.java:408)
	at org.apache.coyote.http11.AbstractHttp11Processor.process(AbstractHttp11Processor.java:1041)
	at org.apache.coyote.AbstractProtocol$AbstractConnectionHandler.process(AbstractProtocol.java:603)
	at org.apache.tomcat.util.net.JIoEndpoint$SocketProcessor.run(JIoEndpoint.java:310)
	at java.util.concurrent.ThreadPoolExecutor.runWorker(ThreadPoolExecutor.java:1142)
	at java.util.concurrent.ThreadPoolExecutor$Worker.run(ThreadPoolExecutor.java:617)
	at java.lang.Thread.run(Thread.java:748)
